Using pre-set license
Built from '2021.3/staging' branch; Version is '2021.3.4f1 (cb45f9cae8b7) revision 13321721'; Using compiler version '192829333'; Build Type 'Release'
OS: 'Windows 11  (10.0.22621) 64bit Core' Language: 'en' Physical Memory: 16176 MB
BatchMode: 1, IsHumanControllingUs: 0, StartBugReporterOnCrash: 0, Is64bit: 1, IsPro: 1

COMMAND LINE ARGUMENTS:
C:\Program Files\Unity\Hub\Editor\2021.3.4f1\Editor\Unity.exe
-adb2
-batchMode
-noUpm
-name
AssetImportWorker3
-projectPath
C:/Users/Tyson/Documents/The-Vault/The Vault
-logFile
Logs/AssetImportWorker3.log
-srvPort
64509
Successfully changed project path to: C:/Users/Tyson/Documents/The-Vault/The Vault
C:/Users/Tyson/Documents/The-Vault/The Vault
[UnityMemory] Configuration Parameters - Can be set up in boot.config
    "memorysetup-bucket-allocator-granularity=16"
    "memorysetup-bucket-allocator-bucket-count=8"
    "memorysetup-bucket-allocator-block-size=33554432"
    "memorysetup-bucket-allocator-block-count=8"
    "memorysetup-main-allocator-block-size=16777216"
    "memorysetup-thread-allocator-block-size=16777216"
    "memorysetup-gfx-main-allocator-block-size=16777216"
    "memorysetup-gfx-thread-allocator-block-size=16777216"
    "memorysetup-cache-allocator-block-size=4194304"
    "memorysetup-typetree-allocator-block-size=2097152"
    "memorysetup-profiler-bucket-allocator-granularity=16"
    "memorysetup-profiler-bucket-allocator-bucket-count=8"
    "memorysetup-profiler-bucket-allocator-block-size=33554432"
    "memorysetup-profiler-bucket-allocator-block-count=8"
    "memorysetup-profiler-allocator-block-size=16777216"
    "memorysetup-profiler-editor-allocator-block-size=1048576"
    "memorysetup-temp-allocator-size-main=16777216"
    "memorysetup-job-temp-allocator-block-size=2097152"
    "memorysetup-job-temp-allocator-block-size-background=1048576"
    "memorysetup-job-temp-allocator-reduction-small-platforms=262144"
    "memorysetup-temp-allocator-size-background-worker=32768"
    "memorysetup-temp-allocator-size-job-worker=262144"
    "memorysetup-temp-allocator-size-preload-manager=33554432"
    "memorysetup-temp-allocator-size-nav-mesh-worker=65536"
    "memorysetup-temp-allocator-size-audio-worker=65536"
    "memorysetup-temp-allocator-size-cloud-worker=32768"
    "memorysetup-temp-allocator-size-gi-baking-worker=262144"
    "memorysetup-temp-allocator-size-gfx=262144"
Refreshing native plugins compatible for Editor in 92.28 ms, found 3 plugins.
Preloading 0 native plugins for Editor in 0.00 ms.
Initialize engine version: 2021.3.4f1 (cb45f9cae8b7)
[Subsystems] Discovering subsystems at path C:/Program Files/Unity/Hub/Editor/2021.3.4f1/Editor/Data/Resources/UnitySubsystems
[Subsystems] Discovering subsystems at path C:/Users/Tyson/Documents/The-Vault/The Vault/Assets
GfxDevice: creating device client; threaded=0; jobified=0
Direct3D:
    Version:  Direct3D 11.0 [level 11.1]
    Renderer: NVIDIA GeForce RTX 3070 (ID=0x2488)
    Vendor:   NVIDIA
    VRAM:     8032 MB
    Driver:   31.0.15.2824
Initialize mono
Mono path[0] = 'C:/Program Files/Unity/Hub/Editor/2021.3.4f1/Editor/Data/Managed'
Mono path[1] = 'C:/Program Files/Unity/Hub/Editor/2021.3.4f1/Editor/Data/MonoBleedingEdge/lib/mono/unityjit-win32'
Mono config path = 'C:/Program Files/Unity/Hub/Editor/2021.3.4f1/Editor/Data/MonoBleedingEdge/etc'
Using monoOptions --debugger-agent=transport=dt_socket,embedding=1,server=y,suspend=n,address=127.0.0.1:56860
Begin MonoManager ReloadAssembly
Registering precompiled unity dll's ...
Register platform support module: C:/Program Files/Unity/Hub/Editor/2021.3.4f1/Editor/Data/PlaybackEngines/AndroidPlayer/UnityEditor.Android.Extensions.dll
Register platform support module: C:/Program Files/Unity/Hub/Editor/2021.3.4f1/Editor/Data/PlaybackEngines/WindowsStandaloneSupport/UnityEditor.WindowsStandalone.Extensions.dll
Registered in 0.003605 seconds.
Native extension for WindowsStandalone target not found
Native extension for Android target not found
Refreshing native plugins compatible for Editor in 97.54 ms, found 3 plugins.
Preloading 0 native plugins for Editor in 0.00 ms.
Mono: successfully reloaded assembly
- Completed reload, in  0.513 seconds
Domain Reload Profiling:
	ReloadAssembly (514ms)
		BeginReloadAssembly (52ms)
			ExecutionOrderSort (0ms)
			DisableScriptedObjects (0ms)
			BackupInstance (0ms)
			ReleaseScriptingObjects (0ms)
			CreateAndSetChildDomain (1ms)
		EndReloadAssembly (386ms)
			LoadAssemblies (51ms)
			RebuildTransferFunctionScriptingTraits (0ms)
			SetupTypeCache (81ms)
			ReleaseScriptCaches (0ms)
			RebuildScriptCaches (22ms)
			SetupLoadedEditorAssemblies (248ms)
				LogAssemblyErrors (0ms)
				InitializePlatformSupportModulesInManaged (46ms)
				SetLoadedEditorAssemblies (0ms)
				RefreshPlugins (98ms)
				BeforeProcessingInitializeOnLoad (1ms)
				ProcessInitializeOnLoadAttributes (71ms)
				ProcessInitializeOnLoadMethodAttributes (33ms)
				AfterProcessingInitializeOnLoad (0ms)
				EditorAssembliesLoaded (0ms)
			ExecutionOrderSort2 (0ms)
			AwakeInstancesAfterBackupRestoration (0ms)
Platform modules already initialized, skipping
Registering precompiled user dll's ...
Registered in 0.005380 seconds.
Begin MonoManager ReloadAssembly
Symbol file LoadedFromMemory doesn't match image C:\Users\Tyson\Documents\The-Vault\The Vault\Library\PackageCache\com.unity.visualscripting@1.7.8\Editor\VisualScripting.Core\Dependencies\YamlDotNet\Unity.VisualScripting.YamlDotNet.dll
Symbol file LoadedFromMemory doesn't match image C:\Users\Tyson\Documents\The-Vault\The Vault\Library\PackageCache\com.unity.visualscripting@1.7.8\Editor\VisualScripting.Core\Dependencies\DotNetZip\Unity.VisualScripting.IonicZip.dll
Native extension for WindowsStandalone target not found
Native extension for Android target not found
Refreshing native plugins compatible for Editor in 98.02 ms, found 3 plugins.
Preloading 0 native plugins for Editor in 0.00 ms.
Mono: successfully reloaded assembly
- Completed reload, in  1.200 seconds
Domain Reload Profiling:
	ReloadAssembly (1201ms)
		BeginReloadAssembly (184ms)
			ExecutionOrderSort (0ms)
			DisableScriptedObjects (4ms)
			BackupInstance (0ms)
			ReleaseScriptingObjects (0ms)
			CreateAndSetChildDomain (125ms)
		EndReloadAssembly (938ms)
			LoadAssemblies (60ms)
			RebuildTransferFunctionScriptingTraits (0ms)
			SetupTypeCache (248ms)
			ReleaseScriptCaches (1ms)
			RebuildScriptCaches (52ms)
			SetupLoadedEditorAssemblies (533ms)
				LogAssemblyErrors (0ms)
				InitializePlatformSupportModulesInManaged (9ms)
				SetLoadedEditorAssemblies (0ms)
				RefreshPlugins (98ms)
				BeforeProcessingInitializeOnLoad (88ms)
				ProcessInitializeOnLoadAttributes (267ms)
				ProcessInitializeOnLoadMethodAttributes (66ms)
				AfterProcessingInitializeOnLoad (4ms)
				EditorAssembliesLoaded (0ms)
			ExecutionOrderSort2 (0ms)
			AwakeInstancesAfterBackupRestoration (4ms)
Platform modules already initialized, skipping
========================================================================
Worker process is ready to serve import requests
Launched and connected shader compiler UnityShaderCompiler.exe after 0.07 seconds
Refreshing native plugins compatible for Editor in 0.80 ms, found 3 plugins.
Preloading 0 native plugins for Editor in 0.00 ms.
Unloading 6155 Unused Serialized files (Serialized files now loaded: 0)
Unloading 56 unused Assets / (0.9 MB). Loaded Objects now: 6606.
Memory consumption went from 244.1 MB to 243.2 MB.
Total: 4.384400 ms (FindLiveObjects: 0.394100 ms CreateObjectMapping: 0.252500 ms MarkObjects: 3.427400 ms  DeleteObjects: 0.307900 ms)

AssetImportParameters requested are different than current active one (requested -> active):
  custom:video-decoder-ogg-theora: a1e56fd34408186e4bbccfd4996cb3dc -> 
  custom:container-muxer-webm: aa71ff27fc2769a1b78a27578f13a17b -> 
  custom:container-demuxer-webm: 4f35f7cbe854078d1ac9338744f61a02 -> 
  custom:video-encoder-webm-vp8: eb34c28f22e8b96e1ab97ce403110664 -> 
  custom:video-codec-MediaFoundation-h265: 746d11721c4dcdbdad8f713fa42b33f4 -> 
  custom:audio-encoder-webm-vorbis: bf7c407c2cedff20999df2af8eb42d56 -> 
  custom:framework-win-MediaFoundation: 216162199b28c13a410421893ffa2e32 -> 
  custom:container-demuxer-ogg: 62fdf1f143b41e24485cea50d1cbac27 -> 
  custom:video-decoder-webm-vp8: 9c59270c3fd7afecdb556c50c9e8de78 -> 
  custom:audio-decoder-ogg-vorbis: bf7c407c2cedff20999df2af8eb42d56 -> 
========================================================================
Received Import Request.
  Time since last request: 508003.208035 seconds.
  path: Assets/Prefabs/StretchArm.prefab
  artifactKey: Guid(2c170f418dcf2de44bce0e79044eb487) Importer(815301076,1909f56bfc062723c751e8b465ee728b)
Start importing Assets/Prefabs/StretchArm.prefab using Guid(2c170f418dcf2de44bce0e79044eb487) Importer(815301076,1909f56bfc062723c751e8b465ee728b)  -> (artifact id: '4e46ff7cf9c3cf8d58f5dc0e5fef7935') in 0.042982 seconds 
========================================================================
Received Import Request.
  Time since last request: 0.000028 seconds.
  path: Assets/Prefabs/PipeBend.prefab
  artifactKey: Guid(e546c37c55c17ea44a3f50bb4b75338f) Importer(815301076,1909f56bfc062723c751e8b465ee728b)
Start importing Assets/Prefabs/PipeBend.prefab using Guid(e546c37c55c17ea44a3f50bb4b75338f) Importer(815301076,1909f56bfc062723c751e8b465ee728b)  -> (artifact id: 'd982d75797bf1a651c3d888b26a43c96') in 0.245474 seconds 
========================================================================
Received Import Request.
  Time since last request: 0.000031 seconds.
  path: Assets/Prefabs/Slope.prefab
  artifactKey: Guid(9c7d6c73a6f5f0d46ab7ee6f3eff7312) Importer(815301076,1909f56bfc062723c751e8b465ee728b)
Start importing Assets/Prefabs/Slope.prefab using Guid(9c7d6c73a6f5f0d46ab7ee6f3eff7312) Importer(815301076,1909f56bfc062723c751e8b465ee728b)  -> (artifact id: 'e7121e652d1c81758891edd3d360e8a3') in 0.017794 seconds 
========================================================================
Received Import Request.
  Time since last request: 0.000040 seconds.
  path: Assets/Prefabs/Floor.prefab
  artifactKey: Guid(9c2c313128c877a47bf7986a37cfa9a4) Importer(815301076,1909f56bfc062723c751e8b465ee728b)
Start importing Assets/Prefabs/Floor.prefab using Guid(9c2c313128c877a47bf7986a37cfa9a4) Importer(815301076,1909f56bfc062723c751e8b465ee728b)  -> (artifact id: 'eb64ad1455746091abc544a920c876d2') in 0.006129 seconds 
========================================================================
Received Import Request.
  Time since last request: 0.000036 seconds.
  path: Assets/Prefabs/PipeMouth.prefab
  artifactKey: Guid(311f15140b20fc543883eb3ec00af503) Importer(815301076,1909f56bfc062723c751e8b465ee728b)
Start importing Assets/Prefabs/PipeMouth.prefab using Guid(311f15140b20fc543883eb3ec00af503) Importer(815301076,1909f56bfc062723c751e8b465ee728b)  -> (artifact id: 'a1f537b1b505e9caf608101f8c12a940') in 0.019197 seconds 
========================================================================
Received Import Request.
  Time since last request: 0.000040 seconds.
  path: Assets/Prefabs/LooseDirt.prefab
  artifactKey: Guid(0747b6f55980839458293e6a7d9fd006) Importer(815301076,1909f56bfc062723c751e8b465ee728b)
Start importing Assets/Prefabs/LooseDirt.prefab using Guid(0747b6f55980839458293e6a7d9fd006) Importer(815301076,1909f56bfc062723c751e8b465ee728b)  -> (artifact id: '85a213ae54cdc2e1874873d89c5dde59') in 0.016494 seconds 
========================================================================
Received Import Request.
  Time since last request: 0.000042 seconds.
  path: Assets/Prefabs/CoalsIsland.prefab
  artifactKey: Guid(34fc24882585ece409e895b8d78b7347) Importer(815301076,1909f56bfc062723c751e8b465ee728b)
Start importing Assets/Prefabs/CoalsIsland.prefab using Guid(34fc24882585ece409e895b8d78b7347) Importer(815301076,1909f56bfc062723c751e8b465ee728b)  -> (artifact id: '8e9a596e0355e21e77f6ca3865b4ee25') in 1.011618 seconds 
========================================================================
Received Import Request.
  Time since last request: 0.000043 seconds.
  path: Assets/Prefabs/PrefabGroup3.prefab
  artifactKey: Guid(5cee8f52b808d914092c4d4357861ace) Importer(815301076,1909f56bfc062723c751e8b465ee728b)
Start importing Assets/Prefabs/PrefabGroup3.prefab using Guid(5cee8f52b808d914092c4d4357861ace) Importer(815301076,1909f56bfc062723c751e8b465ee728b)  -> (artifact id: '4998b1cf23a0987563470bd362279bc7') in 0.031699 seconds 
========================================================================
Received Import Request.
  Time since last request: 0.000059 seconds.
  path: Assets/Prefabs/Wall.prefab
  artifactKey: Guid(bc9b17e691342fe4eb67279324ef4df8) Importer(815301076,1909f56bfc062723c751e8b465ee728b)
Start importing Assets/Prefabs/Wall.prefab using Guid(bc9b17e691342fe4eb67279324ef4df8) Importer(815301076,1909f56bfc062723c751e8b465ee728b)  -> (artifact id: 'cf400d9e5fe920d503e5e25f8b41258d') in 0.013598 seconds 
========================================================================
Received Import Request.
  Time since last request: 0.000034 seconds.
  path: Assets/Prefabs/WaterShot.prefab
  artifactKey: Guid(a5ca972c4de507b458524fb8e933f23e) Importer(815301076,1909f56bfc062723c751e8b465ee728b)
Start importing Assets/Prefabs/WaterShot.prefab using Guid(a5ca972c4de507b458524fb8e933f23e) Importer(815301076,1909f56bfc062723c751e8b465ee728b)  -> (artifact id: 'd8377e2d803f68d5f75170434e79ae18') in 0.014660 seconds 
========================================================================
Received Import Request.
  Time since last request: 0.000038 seconds.
  path: Assets/Prefabs/BreakableRock.prefab
  artifactKey: Guid(4abda5fcd64d9ab43b69bea201f131d0) Importer(815301076,1909f56bfc062723c751e8b465ee728b)
Start importing Assets/Prefabs/BreakableRock.prefab using Guid(4abda5fcd64d9ab43b69bea201f131d0) Importer(815301076,1909f56bfc062723c751e8b465ee728b)  -> (artifact id: '436cb2188eabbbb0cfefa3857f5d3ea0') in 0.017874 seconds 
========================================================================
Received Import Request.
  Time since last request: 0.000031 seconds.
  path: Assets/Prefabs/Grass.prefab
  artifactKey: Guid(d169d51903ccb0740a4e4a59163b9258) Importer(815301076,1909f56bfc062723c751e8b465ee728b)
Start importing Assets/Prefabs/Grass.prefab using Guid(d169d51903ccb0740a4e4a59163b9258) Importer(815301076,1909f56bfc062723c751e8b465ee728b)  -> (artifact id: '4f30255bd1a0f59d1bd5b8d8c9233b8b') in 0.011261 seconds 
========================================================================
Received Import Request.
  Time since last request: 0.000026 seconds.
  path: Assets/Prefabs/IceBlock.prefab
  artifactKey: Guid(37a268616ee2afb4aa6d31666874cb8c) Importer(815301076,1909f56bfc062723c751e8b465ee728b)
Start importing Assets/Prefabs/IceBlock.prefab using Guid(37a268616ee2afb4aa6d31666874cb8c) Importer(815301076,1909f56bfc062723c751e8b465ee728b)  -> (artifact id: 'eed8798b915072ecc0f7abda8ddd89f0') in 0.015922 seconds 
========================================================================
Received Import Request.
  Time since last request: 0.000033 seconds.
  path: Assets/Prefabs/Watermelon.prefab
  artifactKey: Guid(f537aa2d31147d84a8838849d1f73a85) Importer(815301076,1909f56bfc062723c751e8b465ee728b)
Start importing Assets/Prefabs/Watermelon.prefab using Guid(f537aa2d31147d84a8838849d1f73a85) Importer(815301076,1909f56bfc062723c751e8b465ee728b)  -> (artifact id: '782cd7ca0f8ef3637e64516f8a0605cd') in 0.014358 seconds 
========================================================================
Received Import Request.
  Time since last request: 0.000029 seconds.
  path: Assets/Prefabs/Fireball.prefab
  artifactKey: Guid(f9c081aa6c1319f45813bd35b19c2445) Importer(815301076,1909f56bfc062723c751e8b465ee728b)
Start importing Assets/Prefabs/Fireball.prefab using Guid(f9c081aa6c1319f45813bd35b19c2445) Importer(815301076,1909f56bfc062723c751e8b465ee728b)  -> (artifact id: '4976b4d456cea21c858798549ca37e56') in 0.012785 seconds 
========================================================================
Received Import Request.
  Time since last request: 0.000031 seconds.
  path: Assets/Prefabs/Spawnpoint.prefab
  artifactKey: Guid(a47790e0a2503ce41a3ddd82f70e0b71) Importer(815301076,1909f56bfc062723c751e8b465ee728b)
Start importing Assets/Prefabs/Spawnpoint.prefab using Guid(a47790e0a2503ce41a3ddd82f70e0b71) Importer(815301076,1909f56bfc062723c751e8b465ee728b)  -> (artifact id: '45ba50b04a4d5a12df1315b9cb37153a') in 0.005309 seconds 
========================================================================
Received Import Request.
  Time since last request: 0.000031 seconds.
  path: Assets/Prefabs/PipeSegmentShort.prefab
  artifactKey: Guid(320d1fcaf0b280b499aae8f2f331a5a7) Importer(815301076,1909f56bfc062723c751e8b465ee728b)
Start importing Assets/Prefabs/PipeSegmentShort.prefab using Guid(320d1fcaf0b280b499aae8f2f331a5a7) Importer(815301076,1909f56bfc062723c751e8b465ee728b)  -> (artifact id: 'fac9e79a471bcdd8dea1f1c582386005') in 0.012881 seconds 
========================================================================
Received Import Request.
  Time since last request: 0.000031 seconds.
  path: Assets/Prefabs/Mattress.prefab
  artifactKey: Guid(51198b787b3240248b2279cdf22041f1) Importer(815301076,1909f56bfc062723c751e8b465ee728b)
Start importing Assets/Prefabs/Mattress.prefab using Guid(51198b787b3240248b2279cdf22041f1) Importer(815301076,1909f56bfc062723c751e8b465ee728b)  -> (artifact id: '5673684ba890c3fc4745cd40723a8794') in 0.013069 seconds 
========================================================================
Received Import Request.
  Time since last request: 0.000032 seconds.
  path: Assets/Prefabs/Frostcloud.prefab
  artifactKey: Guid(64a0450254d8fff4f9c513fed75461bd) Importer(815301076,1909f56bfc062723c751e8b465ee728b)
Start importing Assets/Prefabs/Frostcloud.prefab using Guid(64a0450254d8fff4f9c513fed75461bd) Importer(815301076,1909f56bfc062723c751e8b465ee728b)  -> (artifact id: 'b6bc3532ce2e2ecd3b4c2c75829507ef') in 0.010149 seconds 
========================================================================
Received Import Request.
  Time since last request: 0.000053 seconds.
  path: Assets/Prefabs/PullHandleBase.prefab
  artifactKey: Guid(2694e07c8685ae94ab105f8d0f97b4bd) Importer(815301076,1909f56bfc062723c751e8b465ee728b)
Start importing Assets/Prefabs/PullHandleBase.prefab using Guid(2694e07c8685ae94ab105f8d0f97b4bd) Importer(815301076,1909f56bfc062723c751e8b465ee728b)  -> (artifact id: 'cc0020f25937a0a24a2de5b243755616') in 0.016790 seconds 
========================================================================
Received Import Request.
  Time since last request: 0.000035 seconds.
  path: Assets/Prefabs/Button.prefab
  artifactKey: Guid(d546af31ec8b60741bc5d9c5c5b08dee) Importer(815301076,1909f56bfc062723c751e8b465ee728b)
Start importing Assets/Prefabs/Button.prefab using Guid(d546af31ec8b60741bc5d9c5c5b08dee) Importer(815301076,1909f56bfc062723c751e8b465ee728b)  -> (artifact id: '75973d948cd17fa43281d1d77189fada') in 0.014076 seconds 
========================================================================
Received Import Request.
  Time since last request: 0.000025 seconds.
  path: Assets/Prefabs/ObjectSpawn.prefab
  artifactKey: Guid(a7ab7baefe505344ab1539fac1d826e9) Importer(815301076,1909f56bfc062723c751e8b465ee728b)
Start importing Assets/Prefabs/ObjectSpawn.prefab using Guid(a7ab7baefe505344ab1539fac1d826e9) Importer(815301076,1909f56bfc062723c751e8b465ee728b)  -> (artifact id: '68bf65cb1c461b40be0f8b84a97113a5') in 0.004850 seconds 
Editor requested this worker to shutdown with reason: Scaling down because of idle timeout
AssetImportWorker is now disconnected from the server
Process exiting
Exiting without the bug reporter. Application will terminate with return code 0