Using pre-set license
Built from '2021.3/staging' branch; Version is '2021.3.4f1 (cb45f9cae8b7) revision 13321721'; Using compiler version '192829333'; Build Type 'Release'
OS: 'Windows 11  (10.0.22621) 64bit Core' Language: 'en' Physical Memory: 16176 MB
BatchMode: 1, IsHumanControllingUs: 0, StartBugReporterOnCrash: 0, Is64bit: 1, IsPro: 1

COMMAND LINE ARGUMENTS:
C:\Program Files\Unity\Hub\Editor\2021.3.4f1\Editor\Unity.exe
-adb2
-batchMode
-noUpm
-name
AssetImportWorker0
-projectPath
C:/Users/Tyson/Documents/The-Vault/The Vault
-logFile
Logs/AssetImportWorker0.log
-srvPort
56593
Successfully changed project path to: C:/Users/Tyson/Documents/The-Vault/The Vault
C:/Users/Tyson/Documents/The-Vault/The Vault
[UnityMemory] Configuration Parameters - Can be set up in boot.config
    "memorysetup-bucket-allocator-granularity=16"
    "memorysetup-bucket-allocator-bucket-count=8"
    "memorysetup-bucket-allocator-block-size=33554432"
    "memorysetup-bucket-allocator-block-count=8"
    "memorysetup-main-allocator-block-size=16777216"
    "memorysetup-thread-allocator-block-size=16777216"
    "memorysetup-gfx-main-allocator-block-size=16777216"
    "memorysetup-gfx-thread-allocator-block-size=16777216"
    "memorysetup-cache-allocator-block-size=4194304"
    "memorysetup-typetree-allocator-block-size=2097152"
    "memorysetup-profiler-bucket-allocator-granularity=16"
    "memorysetup-profiler-bucket-allocator-bucket-count=8"
    "memorysetup-profiler-bucket-allocator-block-size=33554432"
    "memorysetup-profiler-bucket-allocator-block-count=8"
    "memorysetup-profiler-allocator-block-size=16777216"
    "memorysetup-profiler-editor-allocator-block-size=1048576"
    "memorysetup-temp-allocator-size-main=16777216"
    "memorysetup-job-temp-allocator-block-size=2097152"
    "memorysetup-job-temp-allocator-block-size-background=1048576"
    "memorysetup-job-temp-allocator-reduction-small-platforms=262144"
    "memorysetup-temp-allocator-size-background-worker=32768"
    "memorysetup-temp-allocator-size-job-worker=262144"
    "memorysetup-temp-allocator-size-preload-manager=33554432"
    "memorysetup-temp-allocator-size-nav-mesh-worker=65536"
    "memorysetup-temp-allocator-size-audio-worker=65536"
    "memorysetup-temp-allocator-size-cloud-worker=32768"
    "memorysetup-temp-allocator-size-gi-baking-worker=262144"
    "memorysetup-temp-allocator-size-gfx=262144"
Refreshing native plugins compatible for Editor in 72.41 ms, found 3 plugins.
Preloading 0 native plugins for Editor in 0.00 ms.
Initialize engine version: 2021.3.4f1 (cb45f9cae8b7)
[Subsystems] Discovering subsystems at path C:/Program Files/Unity/Hub/Editor/2021.3.4f1/Editor/Data/Resources/UnitySubsystems
[Subsystems] Discovering subsystems at path C:/Users/Tyson/Documents/The-Vault/The Vault/Assets
GfxDevice: creating device client; threaded=0; jobified=0
Direct3D:
    Version:  Direct3D 11.0 [level 11.1]
    Renderer: NVIDIA GeForce RTX 3070 (ID=0x2488)
    Vendor:   NVIDIA
    VRAM:     8032 MB
    Driver:   31.0.15.2824
Initialize mono
Mono path[0] = 'C:/Program Files/Unity/Hub/Editor/2021.3.4f1/Editor/Data/Managed'
Mono path[1] = 'C:/Program Files/Unity/Hub/Editor/2021.3.4f1/Editor/Data/MonoBleedingEdge/lib/mono/unityjit-win32'
Mono config path = 'C:/Program Files/Unity/Hub/Editor/2021.3.4f1/Editor/Data/MonoBleedingEdge/etc'
Using monoOptions --debugger-agent=transport=dt_socket,embedding=1,server=y,suspend=n,address=127.0.0.1:56200
Begin MonoManager ReloadAssembly
Registering precompiled unity dll's ...
Register platform support module: C:/Program Files/Unity/Hub/Editor/2021.3.4f1/Editor/Data/PlaybackEngines/AndroidPlayer/UnityEditor.Android.Extensions.dll
Register platform support module: C:/Program Files/Unity/Hub/Editor/2021.3.4f1/Editor/Data/PlaybackEngines/WindowsStandaloneSupport/UnityEditor.WindowsStandalone.Extensions.dll
Registered in 0.002296 seconds.
Native extension for WindowsStandalone target not found
Native extension for Android target not found
Refreshing native plugins compatible for Editor in 76.06 ms, found 3 plugins.
Preloading 0 native plugins for Editor in 0.00 ms.
Mono: successfully reloaded assembly
- Completed reload, in  0.400 seconds
Domain Reload Profiling:
	ReloadAssembly (400ms)
		BeginReloadAssembly (40ms)
			ExecutionOrderSort (0ms)
			DisableScriptedObjects (0ms)
			BackupInstance (0ms)
			ReleaseScriptingObjects (0ms)
			CreateAndSetChildDomain (1ms)
		EndReloadAssembly (297ms)
			LoadAssemblies (39ms)
			RebuildTransferFunctionScriptingTraits (0ms)
			SetupTypeCache (60ms)
			ReleaseScriptCaches (0ms)
			RebuildScriptCaches (16ms)
			SetupLoadedEditorAssemblies (191ms)
				LogAssemblyErrors (0ms)
				InitializePlatformSupportModulesInManaged (32ms)
				SetLoadedEditorAssemblies (0ms)
				RefreshPlugins (76ms)
				BeforeProcessingInitializeOnLoad (1ms)
				ProcessInitializeOnLoadAttributes (56ms)
				ProcessInitializeOnLoadMethodAttributes (25ms)
				AfterProcessingInitializeOnLoad (0ms)
				EditorAssembliesLoaded (0ms)
			ExecutionOrderSort2 (0ms)
			AwakeInstancesAfterBackupRestoration (0ms)
Platform modules already initialized, skipping
Registering precompiled user dll's ...
Registered in 0.003851 seconds.
Begin MonoManager ReloadAssembly
Symbol file LoadedFromMemory doesn't match image C:\Users\Tyson\Documents\The-Vault\The Vault\Library\PackageCache\com.unity.visualscripting@1.7.8\Editor\VisualScripting.Core\Dependencies\YamlDotNet\Unity.VisualScripting.YamlDotNet.dll
Symbol file LoadedFromMemory doesn't match image C:\Users\Tyson\Documents\The-Vault\The Vault\Library\PackageCache\com.unity.visualscripting@1.7.8\Editor\VisualScripting.Core\Dependencies\DotNetZip\Unity.VisualScripting.IonicZip.dll
Native extension for WindowsStandalone target not found
Native extension for Android target not found
Refreshing native plugins compatible for Editor in 99.11 ms, found 3 plugins.
Preloading 0 native plugins for Editor in 0.00 ms.
Mono: successfully reloaded assembly
- Completed reload, in  1.101 seconds
Domain Reload Profiling:
	ReloadAssembly (1102ms)
		BeginReloadAssembly (171ms)
			ExecutionOrderSort (0ms)
			DisableScriptedObjects (4ms)
			BackupInstance (0ms)
			ReleaseScriptingObjects (0ms)
			CreateAndSetChildDomain (115ms)
		EndReloadAssembly (856ms)
			LoadAssemblies (54ms)
			RebuildTransferFunctionScriptingTraits (0ms)
			SetupTypeCache (215ms)
			ReleaseScriptCaches (1ms)
			RebuildScriptCaches (49ms)
			SetupLoadedEditorAssemblies (500ms)
				LogAssemblyErrors (0ms)
				InitializePlatformSupportModulesInManaged (11ms)
				SetLoadedEditorAssemblies (0ms)
				RefreshPlugins (99ms)
				BeforeProcessingInitializeOnLoad (83ms)
				ProcessInitializeOnLoadAttributes (243ms)
				ProcessInitializeOnLoadMethodAttributes (59ms)
				AfterProcessingInitializeOnLoad (5ms)
				EditorAssembliesLoaded (0ms)
			ExecutionOrderSort2 (0ms)
			AwakeInstancesAfterBackupRestoration (4ms)
Platform modules already initialized, skipping
========================================================================
Worker process is ready to serve import requests
Launched and connected shader compiler UnityShaderCompiler.exe after 0.04 seconds
Refreshing native plugins compatible for Editor in 0.94 ms, found 3 plugins.
Preloading 0 native plugins for Editor in 0.00 ms.
Unloading 6153 Unused Serialized files (Serialized files now loaded: 0)
Unloading 56 unused Assets / (0.9 MB). Loaded Objects now: 6604.
Memory consumption went from 242.5 MB to 241.6 MB.
Total: 3.921900 ms (FindLiveObjects: 0.823000 ms CreateObjectMapping: 0.144100 ms MarkObjects: 2.665500 ms  DeleteObjects: 0.287500 ms)

AssetImportParameters requested are different than current active one (requested -> active):
  custom:video-decoder-ogg-theora: a1e56fd34408186e4bbccfd4996cb3dc -> 
  custom:container-muxer-webm: aa71ff27fc2769a1b78a27578f13a17b -> 
  custom:container-demuxer-webm: 4f35f7cbe854078d1ac9338744f61a02 -> 
  custom:video-encoder-webm-vp8: eb34c28f22e8b96e1ab97ce403110664 -> 
  custom:video-codec-MediaFoundation-h265: 746d11721c4dcdbdad8f713fa42b33f4 -> 
  custom:audio-encoder-webm-vorbis: bf7c407c2cedff20999df2af8eb42d56 -> 
  custom:framework-win-MediaFoundation: 216162199b28c13a410421893ffa2e32 -> 
  custom:container-demuxer-ogg: 62fdf1f143b41e24485cea50d1cbac27 -> 
  custom:video-decoder-webm-vp8: 9c59270c3fd7afecdb556c50c9e8de78 -> 
  custom:audio-decoder-ogg-vorbis: bf7c407c2cedff20999df2af8eb42d56 -> 
========================================================================
Received Import Request.
  Time since last request: 85481.420408 seconds.
  path: Assets/Prefabs/WaterWheel.prefab
  artifactKey: Guid(c7c8c7ea63f9d154aa69f7248d948541) Importer(815301076,1909f56bfc062723c751e8b465ee728b)
Start importing Assets/Prefabs/WaterWheel.prefab using Guid(c7c8c7ea63f9d154aa69f7248d948541) Importer(815301076,1909f56bfc062723c751e8b465ee728b)  -> (artifact id: '2459f989449d44cb162f7a8465351e47') in 0.182976 seconds 
========================================================================
Received Import Request.
  Time since last request: 0.000051 seconds.
  path: Assets/Prefabs/WallWithGap.prefab
  artifactKey: Guid(9f83bdcc71f2663409cb2ced8bfa5236) Importer(815301076,1909f56bfc062723c751e8b465ee728b)
Start importing Assets/Prefabs/WallWithGap.prefab using Guid(9f83bdcc71f2663409cb2ced8bfa5236) Importer(815301076,1909f56bfc062723c751e8b465ee728b)  -> (artifact id: '86a628293a5b51a39d54a16d0a202fbb') in 0.014574 seconds 
========================================================================
Received Import Request.
  Time since last request: 0.000027 seconds.
  path: Assets/Prefabs/SeedModel Variant.prefab
  artifactKey: Guid(8ae79379c796f0b458314d677c8087ad) Importer(815301076,1909f56bfc062723c751e8b465ee728b)
Start importing Assets/Prefabs/SeedModel Variant.prefab using Guid(8ae79379c796f0b458314d677c8087ad) Importer(815301076,1909f56bfc062723c751e8b465ee728b)  -> (artifact id: 'c211f0d4816c97f2bf08baffe47b2806') in 0.009862 seconds 
========================================================================
Received Import Request.
  Time since last request: 0.000034 seconds.
  path: Assets/Prefabs/FinishingPosition.prefab
  artifactKey: Guid(3504fa6b9ccffcd48bd0d09e8bd063b7) Importer(815301076,1909f56bfc062723c751e8b465ee728b)
Start importing Assets/Prefabs/FinishingPosition.prefab using Guid(3504fa6b9ccffcd48bd0d09e8bd063b7) Importer(815301076,1909f56bfc062723c751e8b465ee728b)  -> (artifact id: 'e6d5a3087658cfe253f806087dea81fd') in 0.004543 seconds 
========================================================================
Received Import Request.
  Time since last request: 0.000025 seconds.
  path: Assets/Prefabs/FloorHole.prefab
  artifactKey: Guid(8490add4a1d6ac046a61d2446ac5bfce) Importer(815301076,1909f56bfc062723c751e8b465ee728b)
Start importing Assets/Prefabs/FloorHole.prefab using Guid(8490add4a1d6ac046a61d2446ac5bfce) Importer(815301076,1909f56bfc062723c751e8b465ee728b)  -> (artifact id: 'f495346b1ea27c0af9ba774c53027c7d') in 0.011066 seconds 
========================================================================
Received Import Request.
  Time since last request: 0.000019 seconds.
  path: Assets/Prefabs/Stake.prefab
  artifactKey: Guid(d0a93f3332b90194380975783584543c) Importer(815301076,1909f56bfc062723c751e8b465ee728b)
Start importing Assets/Prefabs/Stake.prefab using Guid(d0a93f3332b90194380975783584543c) Importer(815301076,1909f56bfc062723c751e8b465ee728b)  -> (artifact id: 'f970bf98e635d3a12d00ce0b034b21ba') in 0.012822 seconds 
========================================================================
Received Import Request.
  Time since last request: 0.000024 seconds.
  path: Assets/Prefabs/Boulder1x1x2.prefab
  artifactKey: Guid(0b9348adb0f76a94693079623b30a30c) Importer(815301076,1909f56bfc062723c751e8b465ee728b)
Start importing Assets/Prefabs/Boulder1x1x2.prefab using Guid(0b9348adb0f76a94693079623b30a30c) Importer(815301076,1909f56bfc062723c751e8b465ee728b)  -> (artifact id: 'f22804c30a8b12fbef7a1ec26b9d029d') in 0.012092 seconds 
========================================================================
Received Import Request.
  Time since last request: 0.000025 seconds.
  path: Assets/Prefabs/WaterFlow.prefab
  artifactKey: Guid(66ec560c5c8cae042b626f59d426ae2c) Importer(815301076,1909f56bfc062723c751e8b465ee728b)
Start importing Assets/Prefabs/WaterFlow.prefab using Guid(66ec560c5c8cae042b626f59d426ae2c) Importer(815301076,1909f56bfc062723c751e8b465ee728b)  -> (artifact id: 'b574cec5961716ab835a7d989a67ccfb') in 0.015410 seconds 
========================================================================
Received Import Request.
  Time since last request: 0.000025 seconds.
  path: Assets/Prefabs/BoulderPhysics.prefab
  artifactKey: Guid(2f085a7a2eb19c143b6e8c2d65bd9b09) Importer(815301076,1909f56bfc062723c751e8b465ee728b)
Start importing Assets/Prefabs/BoulderPhysics.prefab using Guid(2f085a7a2eb19c143b6e8c2d65bd9b09) Importer(815301076,1909f56bfc062723c751e8b465ee728b)  -> (artifact id: '94dd670d2d010bead4adc8425953aef2') in 0.065420 seconds 
========================================================================
Received Import Request.
  Time since last request: 0.000026 seconds.
  path: Assets/Prefabs/StretchArm.prefab
  artifactKey: Guid(2c170f418dcf2de44bce0e79044eb487) Importer(815301076,1909f56bfc062723c751e8b465ee728b)
Start importing Assets/Prefabs/StretchArm.prefab using Guid(2c170f418dcf2de44bce0e79044eb487) Importer(815301076,1909f56bfc062723c751e8b465ee728b)  -> (artifact id: '4e46ff7cf9c3cf8d58f5dc0e5fef7935') in 0.004157 seconds 
========================================================================
Received Import Request.
  Time since last request: 0.000022 seconds.
  path: Assets/Prefabs/PipeBend.prefab
  artifactKey: Guid(e546c37c55c17ea44a3f50bb4b75338f) Importer(815301076,1909f56bfc062723c751e8b465ee728b)
Start importing Assets/Prefabs/PipeBend.prefab using Guid(e546c37c55c17ea44a3f50bb4b75338f) Importer(815301076,1909f56bfc062723c751e8b465ee728b)  -> (artifact id: 'd982d75797bf1a651c3d888b26a43c96') in 0.011243 seconds 
========================================================================
Received Import Request.
  Time since last request: 0.000025 seconds.
  path: Assets/Prefabs/PrefabGroup6.prefab
  artifactKey: Guid(043a9d29cbfd9c84f85e66fbc5224e36) Importer(815301076,1909f56bfc062723c751e8b465ee728b)
Start importing Assets/Prefabs/PrefabGroup6.prefab using Guid(043a9d29cbfd9c84f85e66fbc5224e36) Importer(815301076,1909f56bfc062723c751e8b465ee728b)  -> (artifact id: '16e335d5cdb5310401adcda4c4c50b3e') in 0.035802 seconds 
========================================================================
Received Import Request.
  Time since last request: 0.000031 seconds.
  path: Assets/Prefabs/SqueezeThroughWall.prefab
  artifactKey: Guid(0f1e4289631066549b4d7353b5f0cc2a) Importer(815301076,1909f56bfc062723c751e8b465ee728b)
Start importing Assets/Prefabs/SqueezeThroughWall.prefab using Guid(0f1e4289631066549b4d7353b5f0cc2a) Importer(815301076,1909f56bfc062723c751e8b465ee728b)  -> (artifact id: 'ee3056e067dfdfb367ee7b9a4103325d') in 0.011398 seconds 
========================================================================
Received Import Request.
  Time since last request: 0.000033 seconds.
  path: Assets/Prefabs/Crate.prefab
  artifactKey: Guid(c919d0893e0faac419b90d6452d27091) Importer(815301076,1909f56bfc062723c751e8b465ee728b)
Start importing Assets/Prefabs/Crate.prefab using Guid(c919d0893e0faac419b90d6452d27091) Importer(815301076,1909f56bfc062723c751e8b465ee728b)  -> (artifact id: '797f10035bc08f018aa3094871bf72a3') in 0.010876 seconds 
========================================================================
Received Import Request.
  Time since last request: 0.000026 seconds.
  path: Assets/Prefabs/ElectricPanel.prefab
  artifactKey: Guid(385cf75d376201b438d26f6a3fbee552) Importer(815301076,1909f56bfc062723c751e8b465ee728b)
Start importing Assets/Prefabs/ElectricPanel.prefab using Guid(385cf75d376201b438d26f6a3fbee552) Importer(815301076,1909f56bfc062723c751e8b465ee728b)  -> (artifact id: '206f14f0709af43fd6492d01e1c395d7') in 0.015087 seconds 
========================================================================
Received Import Request.
  Time since last request: 0.000028 seconds.
  path: Assets/Prefabs/Slope.prefab
  artifactKey: Guid(9c7d6c73a6f5f0d46ab7ee6f3eff7312) Importer(815301076,1909f56bfc062723c751e8b465ee728b)
Start importing Assets/Prefabs/Slope.prefab using Guid(9c7d6c73a6f5f0d46ab7ee6f3eff7312) Importer(815301076,1909f56bfc062723c751e8b465ee728b)  -> (artifact id: 'e7121e652d1c81758891edd3d360e8a3') in 0.011997 seconds 
========================================================================
Received Import Request.
  Time since last request: 0.000024 seconds.
  path: Assets/Prefabs/Floor.prefab
  artifactKey: Guid(9c2c313128c877a47bf7986a37cfa9a4) Importer(815301076,1909f56bfc062723c751e8b465ee728b)
Start importing Assets/Prefabs/Floor.prefab using Guid(9c2c313128c877a47bf7986a37cfa9a4) Importer(815301076,1909f56bfc062723c751e8b465ee728b)  -> (artifact id: 'eb64ad1455746091abc544a920c876d2') in 0.004237 seconds 
========================================================================
Received Import Request.
  Time since last request: 0.000026 seconds.
  path: Assets/Prefabs/StartingPosition.prefab
  artifactKey: Guid(0101a33caa525314ea80464bac2c53f6) Importer(815301076,1909f56bfc062723c751e8b465ee728b)
Start importing Assets/Prefabs/StartingPosition.prefab using Guid(0101a33caa525314ea80464bac2c53f6) Importer(815301076,1909f56bfc062723c751e8b465ee728b)  -> (artifact id: '5c2ee106d29dd75d8e598f847c4ee5be') in 0.004498 seconds 
========================================================================
Received Import Request.
  Time since last request: 0.000028 seconds.
  path: Assets/Prefabs/PipeMouth.prefab
  artifactKey: Guid(311f15140b20fc543883eb3ec00af503) Importer(815301076,1909f56bfc062723c751e8b465ee728b)
Start importing Assets/Prefabs/PipeMouth.prefab using Guid(311f15140b20fc543883eb3ec00af503) Importer(815301076,1909f56bfc062723c751e8b465ee728b)  -> (artifact id: 'a1f537b1b505e9caf608101f8c12a940') in 0.013035 seconds 
========================================================================
Received Import Request.
  Time since last request: 0.000026 seconds.
  path: Assets/Prefabs/HeavyDoor.prefab
  artifactKey: Guid(534b7ac3c7dac1843b44562fa2e25434) Importer(815301076,1909f56bfc062723c751e8b465ee728b)
Start importing Assets/Prefabs/HeavyDoor.prefab using Guid(534b7ac3c7dac1843b44562fa2e25434) Importer(815301076,1909f56bfc062723c751e8b465ee728b)  -> (artifact id: '505fb7eda6f356a53f023595e20e9490') in 0.009083 seconds 
========================================================================
Received Import Request.
  Time since last request: 0.000028 seconds.
  path: Assets/Prefabs/Lemon.prefab
  artifactKey: Guid(4839d0383d6cf084e86e85074a51c594) Importer(815301076,1909f56bfc062723c751e8b465ee728b)
Start importing Assets/Prefabs/Lemon.prefab using Guid(4839d0383d6cf084e86e85074a51c594) Importer(815301076,1909f56bfc062723c751e8b465ee728b)  -> (artifact id: '2b34d1bff0367875072bc146639adc40') in 0.011930 seconds 
========================================================================
Received Import Request.
  Time since last request: 0.000024 seconds.
  path: Assets/Prefabs/PrefabGroup1.prefab
  artifactKey: Guid(817f16877973920449c268c33c04439e) Importer(815301076,1909f56bfc062723c751e8b465ee728b)
Start importing Assets/Prefabs/PrefabGroup1.prefab using Guid(817f16877973920449c268c33c04439e) Importer(815301076,1909f56bfc062723c751e8b465ee728b)  -> (artifact id: '254db2d57937c8fc19adfee035be7ca6') in 0.016552 seconds 
========================================================================
Received Import Request.
  Time since last request: 0.000028 seconds.
  path: Assets/Prefabs/CoalsIsland.prefab
  artifactKey: Guid(34fc24882585ece409e895b8d78b7347) Importer(815301076,1909f56bfc062723c751e8b465ee728b)
Start importing Assets/Prefabs/CoalsIsland.prefab using Guid(34fc24882585ece409e895b8d78b7347) Importer(815301076,1909f56bfc062723c751e8b465ee728b)  -> (artifact id: '414baed2b9367656c84c75fd9e46f798') in 0.014244 seconds 
========================================================================
Received Import Request.
  Time since last request: 0.000029 seconds.
  path: Assets/Prefabs/FruitPlant.prefab
  artifactKey: Guid(5cf1c0db2de97b24389e471dba66d76e) Importer(815301076,1909f56bfc062723c751e8b465ee728b)
Start importing Assets/Prefabs/FruitPlant.prefab using Guid(5cf1c0db2de97b24389e471dba66d76e) Importer(815301076,1909f56bfc062723c751e8b465ee728b)  -> (artifact id: 'b44e286536f7a883e7ada732100506a6') in 0.010969 seconds 
========================================================================
Received Import Request.
  Time since last request: 0.000028 seconds.
  path: Assets/Prefabs/PrefabGroup5.prefab
  artifactKey: Guid(7aadd6a2621937f4a8ecb0ac19484457) Importer(815301076,1909f56bfc062723c751e8b465ee728b)
Start importing Assets/Prefabs/PrefabGroup5.prefab using Guid(7aadd6a2621937f4a8ecb0ac19484457) Importer(815301076,1909f56bfc062723c751e8b465ee728b)  -> (artifact id: '6fc46a4172ece1582c277ae556413913') in 0.022995 seconds 
========================================================================
Received Import Request.
  Time since last request: 0.000044 seconds.
  path: Assets/Prefabs/WallWithDoorway.prefab
  artifactKey: Guid(586e654e5f262754d845b86684e24c6a) Importer(815301076,1909f56bfc062723c751e8b465ee728b)
Start importing Assets/Prefabs/WallWithDoorway.prefab using Guid(586e654e5f262754d845b86684e24c6a) Importer(815301076,1909f56bfc062723c751e8b465ee728b)  -> (artifact id: '6b4587a9ef98c895694996667747b5de') in 0.012500 seconds 
========================================================================
Received Import Request.
  Time since last request: 0.000027 seconds.
  path: Assets/Prefabs/Floor3_4.prefab
  artifactKey: Guid(b42de76fe0835e6499f7bc9c0d58b852) Importer(815301076,1909f56bfc062723c751e8b465ee728b)
Start importing Assets/Prefabs/Floor3_4.prefab using Guid(b42de76fe0835e6499f7bc9c0d58b852) Importer(815301076,1909f56bfc062723c751e8b465ee728b)  -> (artifact id: 'ae4b93c21d51414049a4f665dd535ea8') in 0.015389 seconds 
========================================================================
Received Import Request.
  Time since last request: 0.000029 seconds.
  path: Assets/Prefabs/Generator.prefab
  artifactKey: Guid(195a2a71b728d054c860cf6a2820d584) Importer(815301076,1909f56bfc062723c751e8b465ee728b)
Start importing Assets/Prefabs/Generator.prefab using Guid(195a2a71b728d054c860cf6a2820d584) Importer(815301076,1909f56bfc062723c751e8b465ee728b)  -> (artifact id: '03667c884d1852fd6ff8aedda92d2c0a') in 0.011372 seconds 
========================================================================
Received Import Request.
  Time since last request: 0.000021 seconds.
  path: Assets/Prefabs/Camera.prefab
  artifactKey: Guid(67d7f30af41aaf84c959c99da8785a14) Importer(815301076,1909f56bfc062723c751e8b465ee728b)
Start importing Assets/Prefabs/Camera.prefab using Guid(67d7f30af41aaf84c959c99da8785a14) Importer(815301076,1909f56bfc062723c751e8b465ee728b)  -> (artifact id: '76b49cd962c3aed4a9a3621970fad906') in 0.013418 seconds 
========================================================================
Received Import Request.
  Time since last request: 0.000044 seconds.
  path: Assets/Prefabs/SlopeOutward.prefab
  artifactKey: Guid(053c57e9a890dbe43b7085670256e953) Importer(815301076,1909f56bfc062723c751e8b465ee728b)
Start importing Assets/Prefabs/SlopeOutward.prefab using Guid(053c57e9a890dbe43b7085670256e953) Importer(815301076,1909f56bfc062723c751e8b465ee728b)  -> (artifact id: '1b7a2d0b104aab31466701a2f623ee0a') in 0.015757 seconds 
========================================================================
Received Import Request.
  Time since last request: 0.000036 seconds.
  path: Assets/Prefabs/PrefabGroup2.prefab
  artifactKey: Guid(b2d131aa99dfbb5438c45f784af83132) Importer(815301076,1909f56bfc062723c751e8b465ee728b)
Start importing Assets/Prefabs/PrefabGroup2.prefab using Guid(b2d131aa99dfbb5438c45f784af83132) Importer(815301076,1909f56bfc062723c751e8b465ee728b)  -> (artifact id: '3230aa72a5ac5d393893b686890d65fd') in 0.068389 seconds 
========================================================================
Received Import Request.
  Time since last request: 0.000029 seconds.
  path: Assets/Prefabs/BreakableRock.prefab
  artifactKey: Guid(4abda5fcd64d9ab43b69bea201f131d0) Importer(815301076,1909f56bfc062723c751e8b465ee728b)
Start importing Assets/Prefabs/BreakableRock.prefab using Guid(4abda5fcd64d9ab43b69bea201f131d0) Importer(815301076,1909f56bfc062723c751e8b465ee728b)  -> (artifact id: '436cb2188eabbbb0cfefa3857f5d3ea0') in 0.010986 seconds 
========================================================================
Received Import Request.
  Time since last request: 0.000022 seconds.
  path: Assets/Prefabs/Pepper.prefab
  artifactKey: Guid(c4225d7cdd1a6894680f9f2dd7e42136) Importer(815301076,1909f56bfc062723c751e8b465ee728b)
Start importing Assets/Prefabs/Pepper.prefab using Guid(c4225d7cdd1a6894680f9f2dd7e42136) Importer(815301076,1909f56bfc062723c751e8b465ee728b)  -> (artifact id: '3832e67da285ff3ad3a95259aff4bfbb') in 0.015649 seconds 
========================================================================
Received Import Request.
  Time since last request: 0.000062 seconds.
  path: Assets/Prefabs/Grass.prefab
  artifactKey: Guid(d169d51903ccb0740a4e4a59163b9258) Importer(815301076,1909f56bfc062723c751e8b465ee728b)
Start importing Assets/Prefabs/Grass.prefab using Guid(d169d51903ccb0740a4e4a59163b9258) Importer(815301076,1909f56bfc062723c751e8b465ee728b)  -> (artifact id: '4f30255bd1a0f59d1bd5b8d8c9233b8b') in 0.010426 seconds 
========================================================================
Received Import Request.
  Time since last request: 0.000035 seconds.
  path: Assets/Prefabs/PrefabGroup4.prefab
  artifactKey: Guid(1bfbb3216bed6744eab34fc671eb647e) Importer(815301076,1909f56bfc062723c751e8b465ee728b)
Start importing Assets/Prefabs/PrefabGroup4.prefab using Guid(1bfbb3216bed6744eab34fc671eb647e) Importer(815301076,1909f56bfc062723c751e8b465ee728b)  -> (artifact id: 'c73fff6fb2bbeca6f96e1c1c0dd4bb0b') in 0.039295 seconds 
========================================================================
Received Import Request.
  Time since last request: 0.000025 seconds.
  path: Assets/Prefabs/Spark.prefab
  artifactKey: Guid(ae2e14ca675adfd4f8263b0941569426) Importer(815301076,1909f56bfc062723c751e8b465ee728b)
Start importing Assets/Prefabs/Spark.prefab using Guid(ae2e14ca675adfd4f8263b0941569426) Importer(815301076,1909f56bfc062723c751e8b465ee728b)  -> (artifact id: '8364d86c82fa9d57a56ac16c09e7f0bd') in 0.009850 seconds 
========================================================================
Received Import Request.
  Time since last request: 0.000025 seconds.
  path: Assets/Prefabs/Fireball.prefab
  artifactKey: Guid(f9c081aa6c1319f45813bd35b19c2445) Importer(815301076,1909f56bfc062723c751e8b465ee728b)
Start importing Assets/Prefabs/Fireball.prefab using Guid(f9c081aa6c1319f45813bd35b19c2445) Importer(815301076,1909f56bfc062723c751e8b465ee728b)  -> (artifact id: '4976b4d456cea21c858798549ca37e56') in 0.010273 seconds 
========================================================================
Received Import Request.
  Time since last request: 0.000035 seconds.
  path: Assets/Prefabs/Spawnpoint.prefab
  artifactKey: Guid(a47790e0a2503ce41a3ddd82f70e0b71) Importer(815301076,1909f56bfc062723c751e8b465ee728b)
Start importing Assets/Prefabs/Spawnpoint.prefab using Guid(a47790e0a2503ce41a3ddd82f70e0b71) Importer(815301076,1909f56bfc062723c751e8b465ee728b)  -> (artifact id: '45ba50b04a4d5a12df1315b9cb37153a') in 0.004556 seconds 
========================================================================
Received Import Request.
  Time since last request: 0.000021 seconds.
  path: Assets/Prefabs/PrefabGroup7.prefab
  artifactKey: Guid(f73b03430482d11409e98a47728453af) Importer(815301076,1909f56bfc062723c751e8b465ee728b)
Start importing Assets/Prefabs/PrefabGroup7.prefab using Guid(f73b03430482d11409e98a47728453af) Importer(815301076,1909f56bfc062723c751e8b465ee728b)  -> (artifact id: '986469e6c0cc709e9e096db3f23672df') in 0.025445 seconds 
========================================================================
Received Import Request.
  Time since last request: 0.000029 seconds.
  path: Assets/Prefabs/WorldSpawn.prefab
  artifactKey: Guid(ba4865b9b32bc4f4f85f3888951b8333) Importer(815301076,1909f56bfc062723c751e8b465ee728b)
Start importing Assets/Prefabs/WorldSpawn.prefab using Guid(ba4865b9b32bc4f4f85f3888951b8333) Importer(815301076,1909f56bfc062723c751e8b465ee728b)  -> (artifact id: '76a80e097b591c14c8b4cd98b561634d') in 0.003904 seconds 
========================================================================
Received Import Request.
  Time since last request: 0.000023 seconds.
  path: Assets/Prefabs/Bush.prefab
  artifactKey: Guid(eaf80b4ecce23784c941a0f1d6048c05) Importer(815301076,1909f56bfc062723c751e8b465ee728b)
Start importing Assets/Prefabs/Bush.prefab using Guid(eaf80b4ecce23784c941a0f1d6048c05) Importer(815301076,1909f56bfc062723c751e8b465ee728b)  -> (artifact id: 'c5390c1e55ece5e08d3910f422106160') in 0.009503 seconds 
========================================================================
Received Import Request.
  Time since last request: 0.000025 seconds.
  path: Assets/Prefabs/MusicSource.prefab
  artifactKey: Guid(f478ee4a9a4aa7d459d86e0dbf7f5ff5) Importer(815301076,1909f56bfc062723c751e8b465ee728b)
Start importing Assets/Prefabs/MusicSource.prefab using Guid(f478ee4a9a4aa7d459d86e0dbf7f5ff5) Importer(815301076,1909f56bfc062723c751e8b465ee728b)  -> (artifact id: 'bd170e31b0d3d7f5ce09d38ba6341863') in 0.005557 seconds 
========================================================================
Received Import Request.
  Time since last request: 0.000023 seconds.
  path: Assets/Prefabs/Button.prefab
  artifactKey: Guid(d546af31ec8b60741bc5d9c5c5b08dee) Importer(815301076,1909f56bfc062723c751e8b465ee728b)
Start importing Assets/Prefabs/Button.prefab using Guid(d546af31ec8b60741bc5d9c5c5b08dee) Importer(815301076,1909f56bfc062723c751e8b465ee728b)  -> (artifact id: '75973d948cd17fa43281d1d77189fada') in 0.011839 seconds 
========================================================================
Received Import Request.
  Time since last request: 0.000029 seconds.
  path: Assets/Prefabs/Boulder1x1x1.prefab
  artifactKey: Guid(460fdcbf442daa240b2a98aa408f0d7d) Importer(815301076,1909f56bfc062723c751e8b465ee728b)
Start importing Assets/Prefabs/Boulder1x1x1.prefab using Guid(460fdcbf442daa240b2a98aa408f0d7d) Importer(815301076,1909f56bfc062723c751e8b465ee728b)  -> (artifact id: 'ccc6a11e82f2d7e973ff7578bd1b1c6f') in 0.013558 seconds 
Editor requested this worker to shutdown with reason: Scaling down because of idle timeout
AssetImportWorker is now disconnected from the server
Process exiting
Exiting without the bug reporter. Application will terminate with return code 0