Using pre-set license
Built from '2021.3/staging' branch; Version is '2021.3.4f1 (cb45f9cae8b7) revision 13321721'; Using compiler version '192829333'; Build Type 'Release'
OS: 'Windows 11  (10.0.22621) 64bit Core' Language: 'en' Physical Memory: 16176 MB
BatchMode: 1, IsHumanControllingUs: 0, StartBugReporterOnCrash: 0, Is64bit: 1, IsPro: 1

COMMAND LINE ARGUMENTS:
C:\Program Files\Unity\Hub\Editor\2021.3.4f1\Editor\Unity.exe
-adb2
-batchMode
-noUpm
-name
AssetImportWorker2
-projectPath
C:/Users/Tyson/Documents/The-Vault/The Vault
-logFile
Logs/AssetImportWorker2.log
-srvPort
65189
Successfully changed project path to: C:/Users/Tyson/Documents/The-Vault/The Vault
C:/Users/Tyson/Documents/The-Vault/The Vault
[UnityMemory] Configuration Parameters - Can be set up in boot.config
    "memorysetup-bucket-allocator-granularity=16"
    "memorysetup-bucket-allocator-bucket-count=8"
    "memorysetup-bucket-allocator-block-size=33554432"
    "memorysetup-bucket-allocator-block-count=8"
    "memorysetup-main-allocator-block-size=16777216"
    "memorysetup-thread-allocator-block-size=16777216"
    "memorysetup-gfx-main-allocator-block-size=16777216"
    "memorysetup-gfx-thread-allocator-block-size=16777216"
    "memorysetup-cache-allocator-block-size=4194304"
    "memorysetup-typetree-allocator-block-size=2097152"
    "memorysetup-profiler-bucket-allocator-granularity=16"
    "memorysetup-profiler-bucket-allocator-bucket-count=8"
    "memorysetup-profiler-bucket-allocator-block-size=33554432"
    "memorysetup-profiler-bucket-allocator-block-count=8"
    "memorysetup-profiler-allocator-block-size=16777216"
    "memorysetup-profiler-editor-allocator-block-size=1048576"
    "memorysetup-temp-allocator-size-main=16777216"
    "memorysetup-job-temp-allocator-block-size=2097152"
    "memorysetup-job-temp-allocator-block-size-background=1048576"
    "memorysetup-job-temp-allocator-reduction-small-platforms=262144"
    "memorysetup-temp-allocator-size-background-worker=32768"
    "memorysetup-temp-allocator-size-job-worker=262144"
    "memorysetup-temp-allocator-size-preload-manager=33554432"
    "memorysetup-temp-allocator-size-nav-mesh-worker=65536"
    "memorysetup-temp-allocator-size-audio-worker=65536"
    "memorysetup-temp-allocator-size-cloud-worker=32768"
    "memorysetup-temp-allocator-size-gi-baking-worker=262144"
    "memorysetup-temp-allocator-size-gfx=262144"
Refreshing native plugins compatible for Editor in 81.65 ms, found 3 plugins.
Preloading 0 native plugins for Editor in 0.00 ms.
Initialize engine version: 2021.3.4f1 (cb45f9cae8b7)
[Subsystems] Discovering subsystems at path C:/Program Files/Unity/Hub/Editor/2021.3.4f1/Editor/Data/Resources/UnitySubsystems
[Subsystems] Discovering subsystems at path C:/Users/Tyson/Documents/The-Vault/The Vault/Assets
GfxDevice: creating device client; threaded=0; jobified=0
Direct3D:
    Version:  Direct3D 11.0 [level 11.1]
    Renderer: NVIDIA GeForce RTX 3070 (ID=0x2488)
    Vendor:   NVIDIA
    VRAM:     8032 MB
    Driver:   31.0.15.2824
Initialize mono
Mono path[0] = 'C:/Program Files/Unity/Hub/Editor/2021.3.4f1/Editor/Data/Managed'
Mono path[1] = 'C:/Program Files/Unity/Hub/Editor/2021.3.4f1/Editor/Data/MonoBleedingEdge/lib/mono/unityjit-win32'
Mono config path = 'C:/Program Files/Unity/Hub/Editor/2021.3.4f1/Editor/Data/MonoBleedingEdge/etc'
Using monoOptions --debugger-agent=transport=dt_socket,embedding=1,server=y,suspend=n,address=127.0.0.1:56864
Begin MonoManager ReloadAssembly
Registering precompiled unity dll's ...
Register platform support module: C:/Program Files/Unity/Hub/Editor/2021.3.4f1/Editor/Data/PlaybackEngines/AndroidPlayer/UnityEditor.Android.Extensions.dll
Register platform support module: C:/Program Files/Unity/Hub/Editor/2021.3.4f1/Editor/Data/PlaybackEngines/WindowsStandaloneSupport/UnityEditor.WindowsStandalone.Extensions.dll
Registered in 0.002636 seconds.
Native extension for WindowsStandalone target not found
Native extension for Android target not found
Refreshing native plugins compatible for Editor in 87.06 ms, found 3 plugins.
Preloading 0 native plugins for Editor in 0.00 ms.
Mono: successfully reloaded assembly
- Completed reload, in  0.467 seconds
Domain Reload Profiling:
	ReloadAssembly (468ms)
		BeginReloadAssembly (45ms)
			ExecutionOrderSort (0ms)
			DisableScriptedObjects (0ms)
			BackupInstance (0ms)
			ReleaseScriptingObjects (0ms)
			CreateAndSetChildDomain (1ms)
		EndReloadAssembly (352ms)
			LoadAssemblies (44ms)
			RebuildTransferFunctionScriptingTraits (0ms)
			SetupTypeCache (68ms)
			ReleaseScriptCaches (0ms)
			RebuildScriptCaches (18ms)
			SetupLoadedEditorAssemblies (230ms)
				LogAssemblyErrors (0ms)
				InitializePlatformSupportModulesInManaged (39ms)
				SetLoadedEditorAssemblies (0ms)
				RefreshPlugins (87ms)
				BeforeProcessingInitializeOnLoad (1ms)
				ProcessInitializeOnLoadAttributes (70ms)
				ProcessInitializeOnLoadMethodAttributes (33ms)
				AfterProcessingInitializeOnLoad (0ms)
				EditorAssembliesLoaded (0ms)
			ExecutionOrderSort2 (0ms)
			AwakeInstancesAfterBackupRestoration (0ms)
Platform modules already initialized, skipping
Registering precompiled user dll's ...
Registered in 0.004127 seconds.
Begin MonoManager ReloadAssembly
Symbol file LoadedFromMemory doesn't match image C:\Users\Tyson\Documents\The-Vault\The Vault\Library\PackageCache\com.unity.visualscripting@1.7.8\Editor\VisualScripting.Core\Dependencies\YamlDotNet\Unity.VisualScripting.YamlDotNet.dll
Symbol file LoadedFromMemory doesn't match image C:\Users\Tyson\Documents\The-Vault\The Vault\Library\PackageCache\com.unity.visualscripting@1.7.8\Editor\VisualScripting.Core\Dependencies\DotNetZip\Unity.VisualScripting.IonicZip.dll
Native extension for WindowsStandalone target not found
Native extension for Android target not found
Refreshing native plugins compatible for Editor in 98.86 ms, found 3 plugins.
Preloading 0 native plugins for Editor in 0.00 ms.
Mono: successfully reloaded assembly
- Completed reload, in  1.182 seconds
Domain Reload Profiling:
	ReloadAssembly (1182ms)
		BeginReloadAssembly (173ms)
			ExecutionOrderSort (0ms)
			DisableScriptedObjects (4ms)
			BackupInstance (0ms)
			ReleaseScriptingObjects (0ms)
			CreateAndSetChildDomain (119ms)
		EndReloadAssembly (932ms)
			LoadAssemblies (64ms)
			RebuildTransferFunctionScriptingTraits (0ms)
			SetupTypeCache (225ms)
			ReleaseScriptCaches (1ms)
			RebuildScriptCaches (49ms)
			SetupLoadedEditorAssemblies (555ms)
				LogAssemblyErrors (0ms)
				InitializePlatformSupportModulesInManaged (10ms)
				SetLoadedEditorAssemblies (0ms)
				RefreshPlugins (99ms)
				BeforeProcessingInitializeOnLoad (95ms)
				ProcessInitializeOnLoadAttributes (288ms)
				ProcessInitializeOnLoadMethodAttributes (59ms)
				AfterProcessingInitializeOnLoad (4ms)
				EditorAssembliesLoaded (0ms)
			ExecutionOrderSort2 (0ms)
			AwakeInstancesAfterBackupRestoration (4ms)
Platform modules already initialized, skipping
========================================================================
Worker process is ready to serve import requests
Launched and connected shader compiler UnityShaderCompiler.exe after 0.07 seconds
Refreshing native plugins compatible for Editor in 0.97 ms, found 3 plugins.
Preloading 0 native plugins for Editor in 0.00 ms.
Unloading 6144 Unused Serialized files (Serialized files now loaded: 0)
Unloading 56 unused Assets / (0.9 MB). Loaded Objects now: 6595.
Memory consumption went from 242.1 MB to 241.2 MB.
Total: 3.341700 ms (FindLiveObjects: 0.486900 ms CreateObjectMapping: 0.220400 ms MarkObjects: 2.277100 ms  DeleteObjects: 0.355700 ms)

AssetImportParameters requested are different than current active one (requested -> active):
  custom:video-decoder-ogg-theora: a1e56fd34408186e4bbccfd4996cb3dc -> 
  custom:container-muxer-webm: aa71ff27fc2769a1b78a27578f13a17b -> 
  custom:container-demuxer-webm: 4f35f7cbe854078d1ac9338744f61a02 -> 
  custom:video-encoder-webm-vp8: eb34c28f22e8b96e1ab97ce403110664 -> 
  custom:video-codec-MediaFoundation-h265: 746d11721c4dcdbdad8f713fa42b33f4 -> 
  custom:audio-encoder-webm-vorbis: bf7c407c2cedff20999df2af8eb42d56 -> 
  custom:framework-win-MediaFoundation: 216162199b28c13a410421893ffa2e32 -> 
  custom:container-demuxer-ogg: 62fdf1f143b41e24485cea50d1cbac27 -> 
  custom:video-decoder-webm-vp8: 9c59270c3fd7afecdb556c50c9e8de78 -> 
  custom:audio-decoder-ogg-vorbis: bf7c407c2cedff20999df2af8eb42d56 -> 
========================================================================
Received Import Request.
  Time since last request: 515368.462463 seconds.
  path: Assets/New Universal Render Pipeline Asset_Renderer.asset
  artifactKey: Guid(c65cd9c979bf3b34781be233b811fe6f) Importer(815301076,1909f56bfc062723c751e8b465ee728b)
Start importing Assets/New Universal Render Pipeline Asset_Renderer.asset using Guid(c65cd9c979bf3b34781be233b811fe6f) Importer(815301076,1909f56bfc062723c751e8b465ee728b)  -> (artifact id: '344a30e59331f61e48e60f3c96850266') in 0.022835 seconds 
========================================================================
Received Import Request.
  Time since last request: 1506.894331 seconds.
  path: Assets/Prefabs/PrefabGroup6.prefab
  artifactKey: Guid(043a9d29cbfd9c84f85e66fbc5224e36) Importer(815301076,1909f56bfc062723c751e8b465ee728b)
Start importing Assets/Prefabs/PrefabGroup6.prefab using Guid(043a9d29cbfd9c84f85e66fbc5224e36) Importer(815301076,1909f56bfc062723c751e8b465ee728b)  -> (artifact id: '8b4057fce4fdc01c45b254d5146ecf80') in 0.193055 seconds 
========================================================================
Received Import Request.
  Time since last request: 18.813047 seconds.
  path: Assets/Materials/Materials/Melon.mat
  artifactKey: Guid(7cf5606c72035914d8f515be1cfa9a4d) Importer(815301076,1909f56bfc062723c751e8b465ee728b)
Start importing Assets/Materials/Materials/Melon.mat using Guid(7cf5606c72035914d8f515be1cfa9a4d) Importer(815301076,1909f56bfc062723c751e8b465ee728b)  -> (artifact id: 'b0ab3d6ad5af1c82b7a7801fa81dbd9a') in 0.022474 seconds 
========================================================================
Received Import Request.
  Time since last request: 0.514166 seconds.
  path: Assets/Models/CharacterModels/KaitlynModelV1.fbx
  artifactKey: Guid(f5075b70398190c43b92371e34cded3f) Importer(815301076,1909f56bfc062723c751e8b465ee728b)
Start importing Assets/Models/CharacterModels/KaitlynModelV1.fbx using Guid(f5075b70398190c43b92371e34cded3f) Importer(815301076,1909f56bfc062723c751e8b465ee728b)  -> (artifact id: '7664fbbc3b2d044e1e496ff7f2713cb5') in 0.225068 seconds 
========================================================================
Received Import Request.
  Time since last request: 0.000033 seconds.
  path: Assets/Materials/Materials/Metal.mat
  artifactKey: Guid(b2035f965a7377a47a8b648f5426b6e0) Importer(815301076,1909f56bfc062723c751e8b465ee728b)
Start importing Assets/Materials/Materials/Metal.mat using Guid(b2035f965a7377a47a8b648f5426b6e0) Importer(815301076,1909f56bfc062723c751e8b465ee728b)  -> (artifact id: 'ac4bf0e13a289a2edcc10519bfdc7c87') in 0.009367 seconds 
========================================================================
Received Import Request.
  Time since last request: 0.000035 seconds.
  path: Assets/Models/CharacterModels/KaitlynModelV2.fbx
  artifactKey: Guid(fb657b7af54fbb44bb753c950544ffa5) Importer(815301076,1909f56bfc062723c751e8b465ee728b)
Start importing Assets/Models/CharacterModels/KaitlynModelV2.fbx using Guid(fb657b7af54fbb44bb753c950544ffa5) Importer(815301076,1909f56bfc062723c751e8b465ee728b)  -> (artifact id: '7f997e0f3a27d397f05f3a35937ca296') in 0.147890 seconds 
========================================================================
Received Import Request.
  Time since last request: 1.409104 seconds.
  path: Assets/TextMesh Pro/Resources/Fonts & Materials/LiberationSans SDF - Fallback.asset
  artifactKey: Guid(2e498d1c8094910479dc3e1b768306a4) Importer(815301076,1909f56bfc062723c751e8b465ee728b)
Start importing Assets/TextMesh Pro/Resources/Fonts & Materials/LiberationSans SDF - Fallback.asset using Guid(2e498d1c8094910479dc3e1b768306a4) Importer(815301076,1909f56bfc062723c751e8b465ee728b)  -> (artifact id: '86d47c28ebe9675410f19e8f1a9c3c8f') in 0.028008 seconds 
========================================================================
Received Import Request.
  Time since last request: 0.303832 seconds.
  path: Assets/TextMesh Pro/Resources/Fonts & Materials/LiberationSans SDF - Outline.mat
  artifactKey: Guid(79459efec17a4d00a321bdcc27bbc385) Importer(815301076,1909f56bfc062723c751e8b465ee728b)
Start importing Assets/TextMesh Pro/Resources/Fonts & Materials/LiberationSans SDF - Outline.mat using Guid(79459efec17a4d00a321bdcc27bbc385) Importer(815301076,1909f56bfc062723c751e8b465ee728b)  -> (artifact id: 'ca7ec93dec491ab7c12dcddfd71cd1bf') in 0.041880 seconds 
========================================================================
Received Import Request.
  Time since last request: 2.707289 seconds.
  path: Assets/Materials/Shaders/GroundCoverVertexPaint.mat
  artifactKey: Guid(526aa35484593fa468a1ad90f9b9e09c) Importer(815301076,1909f56bfc062723c751e8b465ee728b)
Start importing Assets/Materials/Shaders/GroundCoverVertexPaint.mat using Guid(526aa35484593fa468a1ad90f9b9e09c) Importer(815301076,1909f56bfc062723c751e8b465ee728b)  -> (artifact id: '6b831d402ff60b87302c80770f7aad94') in 0.012462 seconds 
========================================================================
Received Import Request.
  Time since last request: 0.110263 seconds.
  path: Assets/Materials/Materials/Grass.mat
  artifactKey: Guid(a02ce445ebd86fe408a0c989ebbfab4b) Importer(815301076,1909f56bfc062723c751e8b465ee728b)
Start importing Assets/Materials/Materials/Grass.mat using Guid(a02ce445ebd86fe408a0c989ebbfab4b) Importer(815301076,1909f56bfc062723c751e8b465ee728b)  -> (artifact id: 'dc9b134d114c78be0bed0191d03e1289') in 0.008941 seconds 
========================================================================
Received Import Request.
  Time since last request: 0.086095 seconds.
  path: Assets/TextMesh Pro/Fonts/LiberationSans.ttf
  artifactKey: Guid(e3265ab4bf004d28a9537516768c1c75) Importer(815301076,1909f56bfc062723c751e8b465ee728b)
Start importing Assets/TextMesh Pro/Fonts/LiberationSans.ttf using Guid(e3265ab4bf004d28a9537516768c1c75) Importer(815301076,1909f56bfc062723c751e8b465ee728b)  -> (artifact id: '6000454fd56a9b33a14d20e7ff83caf0') in 0.022085 seconds 
========================================================================
Received Import Request.
  Time since last request: 0.131763 seconds.
  path: Assets/Materials/Materials/FireParticle.mat
  artifactKey: Guid(7e710138caa52444bb23728249027656) Importer(815301076,1909f56bfc062723c751e8b465ee728b)
Start importing Assets/Materials/Materials/FireParticle.mat using Guid(7e710138caa52444bb23728249027656) Importer(815301076,1909f56bfc062723c751e8b465ee728b)  -> (artifact id: '72ca74057cb11365e493d6a89973de5e') in 0.008386 seconds 
========================================================================
Received Prepare
Registering precompiled user dll's ...
Registered in 0.004308 seconds.
Begin MonoManager ReloadAssembly
Symbol file LoadedFromMemory doesn't match image C:\Users\Tyson\Documents\The-Vault\The Vault\Library\PackageCache\com.unity.visualscripting@1.7.8\Editor\VisualScripting.Core\Dependencies\YamlDotNet\Unity.VisualScripting.YamlDotNet.dll
Symbol file LoadedFromMemory doesn't match image C:\Users\Tyson\Documents\The-Vault\The Vault\Library\PackageCache\com.unity.visualscripting@1.7.8\Editor\VisualScripting.Core\Dependencies\DotNetZip\Unity.VisualScripting.IonicZip.dll
Native extension for WindowsStandalone target not found
Native extension for Android target not found
Refreshing native plugins compatible for Editor in 0.86 ms, found 3 plugins.
Preloading 0 native plugins for Editor in 0.00 ms.
Mono: successfully reloaded assembly
- Completed reload, in  0.907 seconds
Domain Reload Profiling:
	ReloadAssembly (907ms)
		BeginReloadAssembly (108ms)
			ExecutionOrderSort (0ms)
			DisableScriptedObjects (5ms)
			BackupInstance (0ms)
			ReleaseScriptingObjects (0ms)
			CreateAndSetChildDomain (42ms)
		EndReloadAssembly (732ms)
			LoadAssemblies (55ms)
			RebuildTransferFunctionScriptingTraits (0ms)
			SetupTypeCache (235ms)
			ReleaseScriptCaches (2ms)
			RebuildScriptCaches (47ms)
			SetupLoadedEditorAssemblies (334ms)
				LogAssemblyErrors (0ms)
				InitializePlatformSupportModulesInManaged (12ms)
				SetLoadedEditorAssemblies (0ms)
				RefreshPlugins (1ms)
				BeforeProcessingInitializeOnLoad (57ms)
				ProcessInitializeOnLoadAttributes (208ms)
				ProcessInitializeOnLoadMethodAttributes (51ms)
				AfterProcessingInitializeOnLoad (3ms)
				EditorAssembliesLoaded (0ms)
			ExecutionOrderSort2 (0ms)
			AwakeInstancesAfterBackupRestoration (7ms)
Platform modules already initialized, skipping
Refreshing native plugins compatible for Editor in 2.37 ms, found 3 plugins.
Preloading 0 native plugins for Editor in 0.00 ms.
Unloading 5997 Unused Serialized files (Serialized files now loaded: 0)
Unloading 35 unused Assets / (0.9 MB). Loaded Objects now: 6704.
Memory consumption went from 255.3 MB to 254.4 MB.
Total: 4.328900 ms (FindLiveObjects: 0.595000 ms CreateObjectMapping: 0.204800 ms MarkObjects: 3.073600 ms  DeleteObjects: 0.453300 ms)

AssetImportParameters requested are different than current active one (requested -> active):
  custom:video-decoder-ogg-theora: a1e56fd34408186e4bbccfd4996cb3dc -> 
  custom:container-muxer-webm: aa71ff27fc2769a1b78a27578f13a17b -> 
  custom:container-demuxer-webm: 4f35f7cbe854078d1ac9338744f61a02 -> 
  custom:video-encoder-webm-vp8: eb34c28f22e8b96e1ab97ce403110664 -> 
  custom:video-codec-MediaFoundation-h265: 746d11721c4dcdbdad8f713fa42b33f4 -> 
  custom:audio-encoder-webm-vorbis: bf7c407c2cedff20999df2af8eb42d56 -> 
  custom:framework-win-MediaFoundation: 216162199b28c13a410421893ffa2e32 -> 
  custom:container-demuxer-ogg: 62fdf1f143b41e24485cea50d1cbac27 -> 
  custom:video-decoder-webm-vp8: 9c59270c3fd7afecdb556c50c9e8de78 -> 
  custom:audio-decoder-ogg-vorbis: bf7c407c2cedff20999df2af8eb42d56 -> 
========================================================================
Received Prepare
Registering precompiled user dll's ...
Registered in 0.003651 seconds.
Begin MonoManager ReloadAssembly
Symbol file LoadedFromMemory doesn't match image C:\Users\Tyson\Documents\The-Vault\The Vault\Library\PackageCache\com.unity.visualscripting@1.7.8\Editor\VisualScripting.Core\Dependencies\YamlDotNet\Unity.VisualScripting.YamlDotNet.dll
Symbol file LoadedFromMemory doesn't match image C:\Users\Tyson\Documents\The-Vault\The Vault\Library\PackageCache\com.unity.visualscripting@1.7.8\Editor\VisualScripting.Core\Dependencies\DotNetZip\Unity.VisualScripting.IonicZip.dll
Native extension for WindowsStandalone target not found
Native extension for Android target not found
Refreshing native plugins compatible for Editor in 0.73 ms, found 3 plugins.
Preloading 0 native plugins for Editor in 0.00 ms.
Mono: successfully reloaded assembly
- Completed reload, in  0.842 seconds
Domain Reload Profiling:
	ReloadAssembly (842ms)
		BeginReloadAssembly (89ms)
			ExecutionOrderSort (0ms)
			DisableScriptedObjects (3ms)
			BackupInstance (0ms)
			ReleaseScriptingObjects (0ms)
			CreateAndSetChildDomain (30ms)
		EndReloadAssembly (695ms)
			LoadAssemblies (53ms)
			RebuildTransferFunctionScriptingTraits (0ms)
			SetupTypeCache (190ms)
			ReleaseScriptCaches (2ms)
			RebuildScriptCaches (30ms)
			SetupLoadedEditorAssemblies (367ms)
				LogAssemblyErrors (0ms)
				InitializePlatformSupportModulesInManaged (12ms)
				SetLoadedEditorAssemblies (0ms)
				RefreshPlugins (1ms)
				BeforeProcessingInitializeOnLoad (57ms)
				ProcessInitializeOnLoadAttributes (233ms)
				ProcessInitializeOnLoadMethodAttributes (59ms)
				AfterProcessingInitializeOnLoad (4ms)
				EditorAssembliesLoaded (0ms)
			ExecutionOrderSort2 (0ms)
			AwakeInstancesAfterBackupRestoration (9ms)
Platform modules already initialized, skipping
Refreshing native plugins compatible for Editor in 2.35 ms, found 3 plugins.
Preloading 0 native plugins for Editor in 0.00 ms.
Unloading 5996 Unused Serialized files (Serialized files now loaded: 0)
Unloading 35 unused Assets / (0.9 MB). Loaded Objects now: 6719.
Memory consumption went from 255.1 MB to 254.2 MB.
Total: 3.891700 ms (FindLiveObjects: 0.851300 ms CreateObjectMapping: 0.274200 ms MarkObjects: 2.441300 ms  DeleteObjects: 0.323500 ms)

AssetImportParameters requested are different than current active one (requested -> active):
  custom:video-decoder-ogg-theora: a1e56fd34408186e4bbccfd4996cb3dc -> 
  custom:container-muxer-webm: aa71ff27fc2769a1b78a27578f13a17b -> 
  custom:container-demuxer-webm: 4f35f7cbe854078d1ac9338744f61a02 -> 
  custom:video-encoder-webm-vp8: eb34c28f22e8b96e1ab97ce403110664 -> 
  custom:video-codec-MediaFoundation-h265: 746d11721c4dcdbdad8f713fa42b33f4 -> 
  custom:audio-encoder-webm-vorbis: bf7c407c2cedff20999df2af8eb42d56 -> 
  custom:framework-win-MediaFoundation: 216162199b28c13a410421893ffa2e32 -> 
  custom:container-demuxer-ogg: 62fdf1f143b41e24485cea50d1cbac27 -> 
  custom:video-decoder-webm-vp8: 9c59270c3fd7afecdb556c50c9e8de78 -> 
  custom:audio-decoder-ogg-vorbis: bf7c407c2cedff20999df2af8eb42d56 -> 
========================================================================
Received Import Request.
  Time since last request: 419.918854 seconds.
  path: Assets/Prefabs/BreakableRock.prefab
  artifactKey: Guid(4abda5fcd64d9ab43b69bea201f131d0) Importer(815301076,1909f56bfc062723c751e8b465ee728b)
Start importing Assets/Prefabs/BreakableRock.prefab using Guid(4abda5fcd64d9ab43b69bea201f131d0) Importer(815301076,1909f56bfc062723c751e8b465ee728b)  -> (artifact id: '1453d0ddcf9e02daf192efbe86132ca0') in 0.144473 seconds 
========================================================================
Received Import Request.
  Time since last request: 0.394100 seconds.
  path: Assets/Prefabs/Bush.prefab
  artifactKey: Guid(eaf80b4ecce23784c941a0f1d6048c05) Importer(815301076,1909f56bfc062723c751e8b465ee728b)
Start importing Assets/Prefabs/Bush.prefab using Guid(eaf80b4ecce23784c941a0f1d6048c05) Importer(815301076,1909f56bfc062723c751e8b465ee728b)  -> (artifact id: 'c5390c1e55ece5e08d3910f422106160') in 0.011310 seconds 
========================================================================
Received Import Request.
  Time since last request: 0.519269 seconds.
  path: Assets/Prefabs/ElectricPanel.prefab
  artifactKey: Guid(385cf75d376201b438d26f6a3fbee552) Importer(815301076,1909f56bfc062723c751e8b465ee728b)
Start importing Assets/Prefabs/ElectricPanel.prefab using Guid(385cf75d376201b438d26f6a3fbee552) Importer(815301076,1909f56bfc062723c751e8b465ee728b)  -> (artifact id: 'f066d7cd27c0dfebd541e0cdd4c97b28') in 0.017330 seconds 
========================================================================
Received Import Request.
  Time since last request: 0.517675 seconds.
  path: Assets/Prefabs/Lemon.prefab
  artifactKey: Guid(4839d0383d6cf084e86e85074a51c594) Importer(815301076,1909f56bfc062723c751e8b465ee728b)
Start importing Assets/Prefabs/Lemon.prefab using Guid(4839d0383d6cf084e86e85074a51c594) Importer(815301076,1909f56bfc062723c751e8b465ee728b)  -> (artifact id: '92ff60c770d46da58cd502d5cf48731c') in 0.015559 seconds 
========================================================================
Received Import Request.
  Time since last request: 0.000029 seconds.
  path: Assets/Prefabs/WaterFlow.prefab
  artifactKey: Guid(66ec560c5c8cae042b626f59d426ae2c) Importer(815301076,1909f56bfc062723c751e8b465ee728b)
Start importing Assets/Prefabs/WaterFlow.prefab using Guid(66ec560c5c8cae042b626f59d426ae2c) Importer(815301076,1909f56bfc062723c751e8b465ee728b)  -> (artifact id: '3598baf676161ec7b8f231dda1349c79') in 0.015172 seconds 
========================================================================
Received Import Request.
  Time since last request: 0.000032 seconds.
  path: Assets/Prefabs/PrefabGroup1.prefab
  artifactKey: Guid(817f16877973920449c268c33c04439e) Importer(815301076,1909f56bfc062723c751e8b465ee728b)
Start importing Assets/Prefabs/PrefabGroup1.prefab using Guid(817f16877973920449c268c33c04439e) Importer(815301076,1909f56bfc062723c751e8b465ee728b)  -> (artifact id: 'd5892e203b8b877c72ff01eb13a2f3f7') in 0.021097 seconds 
========================================================================
Received Import Request.
  Time since last request: 0.000026 seconds.
  path: Assets/Prefabs/FruitPlant.prefab
  artifactKey: Guid(5cf1c0db2de97b24389e471dba66d76e) Importer(815301076,1909f56bfc062723c751e8b465ee728b)
Start importing Assets/Prefabs/FruitPlant.prefab using Guid(5cf1c0db2de97b24389e471dba66d76e) Importer(815301076,1909f56bfc062723c751e8b465ee728b)  -> (artifact id: '754779d8b1f409a32a1728b23ea557b5') in 0.010092 seconds 
========================================================================
Received Import Request.
  Time since last request: 0.000029 seconds.
  path: Assets/Prefabs/Generator.prefab
  artifactKey: Guid(195a2a71b728d054c860cf6a2820d584) Importer(815301076,1909f56bfc062723c751e8b465ee728b)
Start importing Assets/Prefabs/Generator.prefab using Guid(195a2a71b728d054c860cf6a2820d584) Importer(815301076,1909f56bfc062723c751e8b465ee728b)  -> (artifact id: '03667c884d1852fd6ff8aedda92d2c0a') in 0.012222 seconds 
========================================================================
Received Import Request.
  Time since last request: 0.000025 seconds.
  path: Assets/Prefabs/PrefabGroup3.prefab
  artifactKey: Guid(5cee8f52b808d914092c4d4357861ace) Importer(815301076,1909f56bfc062723c751e8b465ee728b)
Start importing Assets/Prefabs/PrefabGroup3.prefab using Guid(5cee8f52b808d914092c4d4357861ace) Importer(815301076,1909f56bfc062723c751e8b465ee728b)  -> (artifact id: '6e6587bb1388b7a2b2b998c14b0dfa99') in 0.025436 seconds 
========================================================================
Received Import Request.
  Time since last request: 0.000030 seconds.
  path: Assets/Prefabs/Pepper.prefab
  artifactKey: Guid(c4225d7cdd1a6894680f9f2dd7e42136) Importer(815301076,1909f56bfc062723c751e8b465ee728b)
Start importing Assets/Prefabs/Pepper.prefab using Guid(c4225d7cdd1a6894680f9f2dd7e42136) Importer(815301076,1909f56bfc062723c751e8b465ee728b)  -> (artifact id: 'a98e8a9bed3da693c8ea49628a2de619') in 0.018710 seconds 
========================================================================
Received Import Request.
  Time since last request: 0.000039 seconds.
  path: Assets/Prefabs/PrefabGroup4.prefab
  artifactKey: Guid(1bfbb3216bed6744eab34fc671eb647e) Importer(815301076,1909f56bfc062723c751e8b465ee728b)
Start importing Assets/Prefabs/PrefabGroup4.prefab using Guid(1bfbb3216bed6744eab34fc671eb647e) Importer(815301076,1909f56bfc062723c751e8b465ee728b)  -> (artifact id: 'c7367c4307f157fbe6b26fd205f96c59') in 0.036236 seconds 
========================================================================
Received Import Request.
  Time since last request: 0.000043 seconds.
  path: Assets/Prefabs/IceBlock.prefab
  artifactKey: Guid(37a268616ee2afb4aa6d31666874cb8c) Importer(815301076,1909f56bfc062723c751e8b465ee728b)
Start importing Assets/Prefabs/IceBlock.prefab using Guid(37a268616ee2afb4aa6d31666874cb8c) Importer(815301076,1909f56bfc062723c751e8b465ee728b)  -> (artifact id: '7e796fe9758fc0ef7b7ee45970e64481') in 0.013551 seconds 
========================================================================
Received Import Request.
  Time since last request: 0.000038 seconds.
  path: Assets/Prefabs/Snowberry.prefab
  artifactKey: Guid(713fc8c2ab51d5241bcd3160c7371be4) Importer(815301076,1909f56bfc062723c751e8b465ee728b)
Start importing Assets/Prefabs/Snowberry.prefab using Guid(713fc8c2ab51d5241bcd3160c7371be4) Importer(815301076,1909f56bfc062723c751e8b465ee728b)  -> (artifact id: 'e090843fe163486c20dde6b46e5b0d5f') in 0.018938 seconds 
========================================================================
Received Import Request.
  Time since last request: 0.000035 seconds.
  path: Assets/Prefabs/ObjectSpawn.prefab
  artifactKey: Guid(a7ab7baefe505344ab1539fac1d826e9) Importer(815301076,1909f56bfc062723c751e8b465ee728b)
Start importing Assets/Prefabs/ObjectSpawn.prefab using Guid(a7ab7baefe505344ab1539fac1d826e9) Importer(815301076,1909f56bfc062723c751e8b465ee728b)  -> (artifact id: '68bf65cb1c461b40be0f8b84a97113a5') in 0.004255 seconds 
Editor requested this worker to shutdown with reason: Scaling down because of idle timeout
AssetImportWorker is now disconnected from the server
Process exiting
Exiting without the bug reporter. Application will terminate with return code 0