Using pre-set license
Built from '2021.3/staging' branch; Version is '2021.3.4f1 (cb45f9cae8b7) revision 13321721'; Using compiler version '192829333'; Build Type 'Release'
OS: 'Windows 11  (10.0.22621) 64bit Core' Language: 'en' Physical Memory: 16176 MB
BatchMode: 1, IsHumanControllingUs: 0, StartBugReporterOnCrash: 0, Is64bit: 1, IsPro: 1

COMMAND LINE ARGUMENTS:
C:\Program Files\Unity\Hub\Editor\2021.3.4f1\Editor\Unity.exe
-adb2
-batchMode
-noUpm
-name
AssetImportWorker7
-projectPath
C:/Users/Tyson/Documents/The-Vault/The Vault
-logFile
Logs/AssetImportWorker7.log
-srvPort
57824
Successfully changed project path to: C:/Users/Tyson/Documents/The-Vault/The Vault
C:/Users/Tyson/Documents/The-Vault/The Vault
[UnityMemory] Configuration Parameters - Can be set up in boot.config
    "memorysetup-bucket-allocator-granularity=16"
    "memorysetup-bucket-allocator-bucket-count=8"
    "memorysetup-bucket-allocator-block-size=33554432"
    "memorysetup-bucket-allocator-block-count=8"
    "memorysetup-main-allocator-block-size=16777216"
    "memorysetup-thread-allocator-block-size=16777216"
    "memorysetup-gfx-main-allocator-block-size=16777216"
    "memorysetup-gfx-thread-allocator-block-size=16777216"
    "memorysetup-cache-allocator-block-size=4194304"
    "memorysetup-typetree-allocator-block-size=2097152"
    "memorysetup-profiler-bucket-allocator-granularity=16"
    "memorysetup-profiler-bucket-allocator-bucket-count=8"
    "memorysetup-profiler-bucket-allocator-block-size=33554432"
    "memorysetup-profiler-bucket-allocator-block-count=8"
    "memorysetup-profiler-allocator-block-size=16777216"
    "memorysetup-profiler-editor-allocator-block-size=1048576"
    "memorysetup-temp-allocator-size-main=16777216"
    "memorysetup-job-temp-allocator-block-size=2097152"
    "memorysetup-job-temp-allocator-block-size-background=1048576"
    "memorysetup-job-temp-allocator-reduction-small-platforms=262144"
    "memorysetup-temp-allocator-size-background-worker=32768"
    "memorysetup-temp-allocator-size-job-worker=262144"
    "memorysetup-temp-allocator-size-preload-manager=33554432"
    "memorysetup-temp-allocator-size-nav-mesh-worker=65536"
    "memorysetup-temp-allocator-size-audio-worker=65536"
    "memorysetup-temp-allocator-size-cloud-worker=32768"
    "memorysetup-temp-allocator-size-gi-baking-worker=262144"
    "memorysetup-temp-allocator-size-gfx=262144"
Refreshing native plugins compatible for Editor in 98.16 ms, found 3 plugins.
Preloading 0 native plugins for Editor in 0.00 ms.
Initialize engine version: 2021.3.4f1 (cb45f9cae8b7)
[Subsystems] Discovering subsystems at path C:/Program Files/Unity/Hub/Editor/2021.3.4f1/Editor/Data/Resources/UnitySubsystems
[Subsystems] Discovering subsystems at path C:/Users/Tyson/Documents/The-Vault/The Vault/Assets
GfxDevice: creating device client; threaded=0; jobified=0
Direct3D:
    Version:  Direct3D 11.0 [level 11.1]
    Renderer: NVIDIA GeForce RTX 3070 (ID=0x2488)
    Vendor:   NVIDIA
    VRAM:     8032 MB
    Driver:   31.0.15.3619
Initialize mono
Mono path[0] = 'C:/Program Files/Unity/Hub/Editor/2021.3.4f1/Editor/Data/Managed'
Mono path[1] = 'C:/Program Files/Unity/Hub/Editor/2021.3.4f1/Editor/Data/MonoBleedingEdge/lib/mono/unityjit-win32'
Mono config path = 'C:/Program Files/Unity/Hub/Editor/2021.3.4f1/Editor/Data/MonoBleedingEdge/etc'
Using monoOptions --debugger-agent=transport=dt_socket,embedding=1,server=y,suspend=n,address=127.0.0.1:56956
Begin MonoManager ReloadAssembly
Registering precompiled unity dll's ...
Register platform support module: C:/Program Files/Unity/Hub/Editor/2021.3.4f1/Editor/Data/PlaybackEngines/AndroidPlayer/UnityEditor.Android.Extensions.dll
Register platform support module: C:/Program Files/Unity/Hub/Editor/2021.3.4f1/Editor/Data/PlaybackEngines/WindowsStandaloneSupport/UnityEditor.WindowsStandalone.Extensions.dll
Registered in 0.002619 seconds.
Native extension for WindowsStandalone target not found
Native extension for Android target not found
Refreshing native plugins compatible for Editor in 83.55 ms, found 3 plugins.
Preloading 0 native plugins for Editor in 0.00 ms.
Mono: successfully reloaded assembly
- Completed reload, in  0.427 seconds
Domain Reload Profiling:
	ReloadAssembly (428ms)
		BeginReloadAssembly (41ms)
			ExecutionOrderSort (0ms)
			DisableScriptedObjects (0ms)
			BackupInstance (0ms)
			ReleaseScriptingObjects (0ms)
			CreateAndSetChildDomain (0ms)
		EndReloadAssembly (324ms)
			LoadAssemblies (39ms)
			RebuildTransferFunctionScriptingTraits (0ms)
			SetupTypeCache (65ms)
			ReleaseScriptCaches (0ms)
			RebuildScriptCaches (21ms)
			SetupLoadedEditorAssemblies (205ms)
				LogAssemblyErrors (0ms)
				InitializePlatformSupportModulesInManaged (35ms)
				SetLoadedEditorAssemblies (0ms)
				RefreshPlugins (84ms)
				BeforeProcessingInitializeOnLoad (1ms)
				ProcessInitializeOnLoadAttributes (57ms)
				ProcessInitializeOnLoadMethodAttributes (28ms)
				AfterProcessingInitializeOnLoad (0ms)
				EditorAssembliesLoaded (0ms)
			ExecutionOrderSort2 (0ms)
			AwakeInstancesAfterBackupRestoration (0ms)
Platform modules already initialized, skipping
Registering precompiled user dll's ...
Registered in 0.003964 seconds.
Begin MonoManager ReloadAssembly
Symbol file LoadedFromMemory doesn't match image C:\Users\Tyson\Documents\The-Vault\The Vault\Library\PackageCache\com.unity.visualscripting@1.7.8\Editor\VisualScripting.Core\Dependencies\YamlDotNet\Unity.VisualScripting.YamlDotNet.dll
Symbol file LoadedFromMemory doesn't match image C:\Users\Tyson\Documents\The-Vault\The Vault\Library\PackageCache\com.unity.visualscripting@1.7.8\Editor\VisualScripting.Core\Dependencies\DotNetZip\Unity.VisualScripting.IonicZip.dll
Native extension for WindowsStandalone target not found
Native extension for Android target not found
Refreshing native plugins compatible for Editor in 89.71 ms, found 3 plugins.
Preloading 0 native plugins for Editor in 0.00 ms.
Mono: successfully reloaded assembly
- Completed reload, in  1.137 seconds
Domain Reload Profiling:
	ReloadAssembly (1138ms)
		BeginReloadAssembly (186ms)
			ExecutionOrderSort (0ms)
			DisableScriptedObjects (3ms)
			BackupInstance (0ms)
			ReleaseScriptingObjects (0ms)
			CreateAndSetChildDomain (122ms)
		EndReloadAssembly (872ms)
			LoadAssemblies (57ms)
			RebuildTransferFunctionScriptingTraits (0ms)
			SetupTypeCache (222ms)
			ReleaseScriptCaches (1ms)
			RebuildScriptCaches (48ms)
			SetupLoadedEditorAssemblies (505ms)
				LogAssemblyErrors (0ms)
				InitializePlatformSupportModulesInManaged (9ms)
				SetLoadedEditorAssemblies (0ms)
				RefreshPlugins (90ms)
				BeforeProcessingInitializeOnLoad (82ms)
				ProcessInitializeOnLoadAttributes (262ms)
				ProcessInitializeOnLoadMethodAttributes (58ms)
				AfterProcessingInitializeOnLoad (3ms)
				EditorAssembliesLoaded (0ms)
			ExecutionOrderSort2 (0ms)
			AwakeInstancesAfterBackupRestoration (4ms)
Platform modules already initialized, skipping
========================================================================
Worker process is ready to serve import requests
Launched and connected shader compiler UnityShaderCompiler.exe after 0.04 seconds
Refreshing native plugins compatible for Editor in 0.77 ms, found 3 plugins.
Preloading 0 native plugins for Editor in 0.00 ms.
Unloading 6161 Unused Serialized files (Serialized files now loaded: 0)
Unloading 56 unused Assets / (0.9 MB). Loaded Objects now: 6613.
Memory consumption went from 244.5 MB to 243.6 MB.
Total: 3.022600 ms (FindLiveObjects: 0.339500 ms CreateObjectMapping: 0.203600 ms MarkObjects: 2.197700 ms  DeleteObjects: 0.281000 ms)

AssetImportParameters requested are different than current active one (requested -> active):
  custom:video-decoder-ogg-theora: a1e56fd34408186e4bbccfd4996cb3dc -> 
  custom:container-muxer-webm: aa71ff27fc2769a1b78a27578f13a17b -> 
  custom:container-demuxer-webm: 4f35f7cbe854078d1ac9338744f61a02 -> 
  custom:video-encoder-webm-vp8: eb34c28f22e8b96e1ab97ce403110664 -> 
  custom:video-codec-MediaFoundation-h265: 746d11721c4dcdbdad8f713fa42b33f4 -> 
  custom:audio-encoder-webm-vorbis: bf7c407c2cedff20999df2af8eb42d56 -> 
  custom:framework-win-MediaFoundation: 216162199b28c13a410421893ffa2e32 -> 
  custom:container-demuxer-ogg: 62fdf1f143b41e24485cea50d1cbac27 -> 
  custom:video-decoder-webm-vp8: 9c59270c3fd7afecdb556c50c9e8de78 -> 
  custom:audio-decoder-ogg-vorbis: bf7c407c2cedff20999df2af8eb42d56 -> 
========================================================================
Received Import Request.
  Time since last request: 541883.799411 seconds.
  path: Assets/Materials/Materials/Arrow.mat
  artifactKey: Guid(de118a82d49cdf2439fb0018c32476aa) Importer(815301076,1909f56bfc062723c751e8b465ee728b)
Start importing Assets/Materials/Materials/Arrow.mat using Guid(de118a82d49cdf2439fb0018c32476aa) Importer(815301076,1909f56bfc062723c751e8b465ee728b)  -> (artifact id: '25a2ae1e94c7042b0e7926c6b053d1c8') in 0.162510 seconds 
========================================================================
Received Import Request.
  Time since last request: 0.365707 seconds.
  path: Assets/Materials/Materials/Bark.mat
  artifactKey: Guid(16d51034c439dd240b788e22f080c20f) Importer(815301076,1909f56bfc062723c751e8b465ee728b)
Start importing Assets/Materials/Materials/Bark.mat using Guid(16d51034c439dd240b788e22f080c20f) Importer(815301076,1909f56bfc062723c751e8b465ee728b)  -> (artifact id: '9d6925df0b74af6b152fee504a1a9ce4') in 0.008412 seconds 
========================================================================
Received Import Request.
  Time since last request: 0.515571 seconds.
  path: Assets/Materials/Materials/CatEye.mat
  artifactKey: Guid(100195f1d47898f4e887c16a23ffc605) Importer(815301076,1909f56bfc062723c751e8b465ee728b)
Start importing Assets/Materials/Materials/CatEye.mat using Guid(100195f1d47898f4e887c16a23ffc605) Importer(815301076,1909f56bfc062723c751e8b465ee728b)  -> (artifact id: '240fdbb2c572e7e55098146a9341180c') in 0.009101 seconds 
========================================================================
Received Import Request.
  Time since last request: 0.522395 seconds.
  path: Assets/Materials/Materials/Dirt.mat
  artifactKey: Guid(92f071d74d7c729408e8b708c688ffa0) Importer(815301076,1909f56bfc062723c751e8b465ee728b)
Start importing Assets/Materials/Materials/Dirt.mat using Guid(92f071d74d7c729408e8b708c688ffa0) Importer(815301076,1909f56bfc062723c751e8b465ee728b)  -> (artifact id: '1a0cbe015a13543503ed5bf08e0314ed') in 0.010389 seconds 
========================================================================
Received Import Request.
  Time since last request: 0.000026 seconds.
  path: Assets/Materials/Materials/Stone.mat
  artifactKey: Guid(e8881ad2f11739646aac4af2df608082) Importer(815301076,1909f56bfc062723c751e8b465ee728b)
Start importing Assets/Materials/Materials/Stone.mat using Guid(e8881ad2f11739646aac4af2df608082) Importer(815301076,1909f56bfc062723c751e8b465ee728b)  -> (artifact id: 'd1479682947ff2cf11a681a5e998ed24') in 0.008122 seconds 
========================================================================
Received Import Request.
  Time since last request: 0.000031 seconds.
  path: Assets/Materials/Materials/FireParticle.mat
  artifactKey: Guid(7e710138caa52444bb23728249027656) Importer(815301076,1909f56bfc062723c751e8b465ee728b)
Start importing Assets/Materials/Materials/FireParticle.mat using Guid(7e710138caa52444bb23728249027656) Importer(815301076,1909f56bfc062723c751e8b465ee728b)  -> (artifact id: '72ca74057cb11365e493d6a89973de5e') in 0.009538 seconds 
========================================================================
Received Import Request.
  Time since last request: 0.000025 seconds.
  path: Assets/Materials/Materials/Leaf.mat
  artifactKey: Guid(948f985ca70ac4b4598b143b25d2ff27) Importer(815301076,1909f56bfc062723c751e8b465ee728b)
Start importing Assets/Materials/Materials/Leaf.mat using Guid(948f985ca70ac4b4598b143b25d2ff27) Importer(815301076,1909f56bfc062723c751e8b465ee728b)  -> (artifact id: 'c81c2a475f33c77e551854558e65dd76') in 0.009843 seconds 
========================================================================
Received Import Request.
  Time since last request: 0.000028 seconds.
  path: Assets/Materials/Materials/Melon.mat
  artifactKey: Guid(7cf5606c72035914d8f515be1cfa9a4d) Importer(815301076,1909f56bfc062723c751e8b465ee728b)
Start importing Assets/Materials/Materials/Melon.mat using Guid(7cf5606c72035914d8f515be1cfa9a4d) Importer(815301076,1909f56bfc062723c751e8b465ee728b)  -> (artifact id: 'b0ab3d6ad5af1c82b7a7801fa81dbd9a') in 0.008095 seconds 
========================================================================
Received Import Request.
  Time since last request: 0.000020 seconds.
  path: Assets/Materials/Materials/KaitlynEyeTexture.mat
  artifactKey: Guid(dc6d6677a325ad54ebce589f9e498f6a) Importer(815301076,1909f56bfc062723c751e8b465ee728b)
Start importing Assets/Materials/Materials/KaitlynEyeTexture.mat using Guid(dc6d6677a325ad54ebce589f9e498f6a) Importer(815301076,1909f56bfc062723c751e8b465ee728b)  -> (artifact id: '67209b6d744f63bf9611ce7ab969172a') in 0.007473 seconds 
========================================================================
Received Import Request.
  Time since last request: 0.000024 seconds.
  path: Assets/Materials/Materials/Stem.mat
  artifactKey: Guid(9cbf6e204ce9a1341986c230429a4986) Importer(815301076,1909f56bfc062723c751e8b465ee728b)
Start importing Assets/Materials/Materials/Stem.mat using Guid(9cbf6e204ce9a1341986c230429a4986) Importer(815301076,1909f56bfc062723c751e8b465ee728b)  -> (artifact id: '2723b549c8652eddecef7f43a6a6e3da') in 0.008893 seconds 
========================================================================
Received Import Request.
  Time since last request: 0.000029 seconds.
  path: Assets/Materials/Materials/Fire.mat
  artifactKey: Guid(a98b91361dce70245a03c1f3237eee94) Importer(815301076,1909f56bfc062723c751e8b465ee728b)
Start importing Assets/Materials/Materials/Fire.mat using Guid(a98b91361dce70245a03c1f3237eee94) Importer(815301076,1909f56bfc062723c751e8b465ee728b)  -> (artifact id: 'e188e1cb544a263e0848b4aac55cbe42') in 0.010456 seconds 
========================================================================
Received Import Request.
  Time since last request: 0.000028 seconds.
  path: Assets/Materials/Materials/KaitlynSkinTexture.mat
  artifactKey: Guid(e64827b76abd5ed40a7eaa0bd5e1a292) Importer(815301076,1909f56bfc062723c751e8b465ee728b)
Start importing Assets/Materials/Materials/KaitlynSkinTexture.mat using Guid(e64827b76abd5ed40a7eaa0bd5e1a292) Importer(815301076,1909f56bfc062723c751e8b465ee728b)  -> (artifact id: 'b8fc3325e13ef6a969628c06265bc2d2') in 0.010222 seconds 
========================================================================
Received Import Request.
  Time since last request: 0.000027 seconds.
  path: Assets/Materials/Materials/Leopard.mat
  artifactKey: Guid(2fe57c7d176d1e74f94826d81280c482) Importer(815301076,1909f56bfc062723c751e8b465ee728b)
Start importing Assets/Materials/Materials/Leopard.mat using Guid(2fe57c7d176d1e74f94826d81280c482) Importer(815301076,1909f56bfc062723c751e8b465ee728b)  -> (artifact id: '8fe29364dc290ded3e2d2fd369a84bc3') in 0.010025 seconds 
========================================================================
Received Import Request.
  Time since last request: 0.000033 seconds.
  path: Assets/Materials/Materials/Bone.mat
  artifactKey: Guid(0649330790ac3324198df3a34f47c3e1) Importer(815301076,1909f56bfc062723c751e8b465ee728b)
Start importing Assets/Materials/Materials/Bone.mat using Guid(0649330790ac3324198df3a34f47c3e1) Importer(815301076,1909f56bfc062723c751e8b465ee728b)  -> (artifact id: 'f6a6486279659ec81b8b61b3dcee623a') in 0.008937 seconds 
========================================================================
Received Import Request.
  Time since last request: 0.000029 seconds.
  path: Assets/Materials/Materials/Metal.mat
  artifactKey: Guid(b2035f965a7377a47a8b648f5426b6e0) Importer(815301076,1909f56bfc062723c751e8b465ee728b)
Start importing Assets/Materials/Materials/Metal.mat using Guid(b2035f965a7377a47a8b648f5426b6e0) Importer(815301076,1909f56bfc062723c751e8b465ee728b)  -> (artifact id: 'ac4bf0e13a289a2edcc10519bfdc7c87') in 0.008869 seconds 
========================================================================
Received Import Request.
  Time since last request: 0.000033 seconds.
  path: Assets/Materials/Materials/Panthera.mat
  artifactKey: Guid(a671ee1c48e2f2e4f9cbb01d8143d9ac) Importer(815301076,1909f56bfc062723c751e8b465ee728b)
Start importing Assets/Materials/Materials/Panthera.mat using Guid(a671ee1c48e2f2e4f9cbb01d8143d9ac) Importer(815301076,1909f56bfc062723c751e8b465ee728b)  -> (artifact id: '3668254afc97b0639dc50cddc36c7eb0') in 0.007683 seconds 
Editor requested this worker to shutdown with reason: Scaling down because of idle timeout
AssetImportWorkerClient::OnTransportError - code=2 error=End of file
AssetImportWorker is now disconnected from the server
Process exiting
Exiting without the bug reporter. Application will terminate with return code 0